c:\users\murat\desktop\sıveps2-1-99-project\source\clıent\clıent\prterraınlıb\dıstrıbute\prterraınlıb.pch
c:\users\murat\desktop\sıveps2-1-99-project\source\clıent\clıent\prterraınlıb\dıstrıbute\prterraınlıb.pdb
c:\users\murat\desktop\sıveps2-1-99-project\source\clıent\clıent\prterraınlıb\dıstrıbute\stdafx.obj
c:\users\murat\desktop\sıveps2-1-99-project\source\clıent\clıent\prterraınlıb\dıstrıbute\stdafx.cod
c:\users\murat\desktop\sıveps2-1-99-project\source\clıent\clıent\prterraınlıb\dıstrıbute\textureset.obj
c:\users\murat\desktop\sıveps2-1-99-project\source\clıent\clıent\prterraınlıb\dıstrıbute\textureset.cod
c:\users\murat\desktop\sıveps2-1-99-project\source\clıent\clıent\prterraınlıb\dıstrıbute\terraın.obj
c:\users\murat\desktop\sıveps2-1-99-project\source\clıent\clıent\prterraınlıb\dıstrıbute\terraın.cod
c:\users\murat\desktop\sıveps2-1-99-project\source\clıent\clıent\prterraınlıb\dıstrıbute\prterraınlıb.lıb
c:\users\murat\desktop\siveps2-1-99-project\source\client\client\prterrainlib\distribute\stdafx.obj
c:\users\murat\desktop\siveps2-1-99-project\source\client\client\prterrainlib\distribute\terrain.obj
c:\users\murat\desktop\siveps2-1-99-project\source\client\client\prterrainlib\distribute\textureset.obj
c:\users\murat\desktop\siveps2-1-99-project\source\client\client\prterrainlib\distribute\prterrainlib.pch
c:\users\murat\desktop\siveps2-1-99-project\source\client\client\prterrainlib\distribute\prterrainlib.pdb
c:\users\murat\desktop\siveps2-1-99-project\source\client\client\prterrainlib\distribute\prterrainlib.tlog\cl.command.1.tlog
c:\users\murat\desktop\siveps2-1-99-project\source\client\client\prterrainlib\distribute\prterrainlib.tlog\cl.read.1.tlog
c:\users\murat\desktop\siveps2-1-99-project\source\client\client\prterrainlib\distribute\prterrainlib.tlog\cl.write.1.tlog
c:\users\murat\desktop\siveps2-1-99-project\source\client\client\prterrainlib\distribute\prterrainlib.tlog\lib-link.read.1.tlog
c:\users\murat\desktop\siveps2-1-99-project\source\client\client\prterrainlib\distribute\prterrainlib.tlog\lib-link.write.1.tlog
c:\users\murat\desktop\siveps2-1-99-project\source\client\client\prterrainlib\distribute\prterrainlib.tlog\lib.command.1.tlog
