c:\users\murat\desktop\sıveps2-1-99-project\source\clıent\clıent\speedtreelıb\dıstrıbute\speedtreelıb.pch
c:\users\murat\desktop\sıveps2-1-99-project\source\clıent\clıent\speedtreelıb\dıstrıbute\speedtreelıb.pdb
c:\users\murat\desktop\sıveps2-1-99-project\source\clıent\clıent\speedtreelıb\dıstrıbute\stdafx.obj
c:\users\murat\desktop\sıveps2-1-99-project\source\clıent\clıent\speedtreelıb\dıstrıbute\stdafx.cod
c:\users\murat\desktop\sıveps2-1-99-project\source\clıent\clıent\speedtreelıb\dıstrıbute\speedtreewrapper.obj
c:\users\murat\desktop\sıveps2-1-99-project\source\clıent\clıent\speedtreelıb\dıstrıbute\speedtreewrapper.cod
c:\users\murat\desktop\sıveps2-1-99-project\source\clıent\clıent\speedtreelıb\dıstrıbute\speedtreeforestdırectx8.obj
c:\users\murat\desktop\sıveps2-1-99-project\source\clıent\clıent\speedtreelıb\dıstrıbute\speedtreeforestdırectx8.cod
c:\users\murat\desktop\sıveps2-1-99-project\source\clıent\clıent\speedtreelıb\dıstrıbute\speedtreeforest.obj
c:\users\murat\desktop\sıveps2-1-99-project\source\clıent\clıent\speedtreelıb\dıstrıbute\speedtreeforest.cod
c:\users\murat\desktop\sıveps2-1-99-project\source\clıent\clıent\speedtreelıb\dıstrıbute\speedgrasswrapper.obj
c:\users\murat\desktop\sıveps2-1-99-project\source\clıent\clıent\speedtreelıb\dıstrıbute\speedgrasswrapper.cod
c:\users\murat\desktop\sıveps2-1-99-project\source\clıent\clıent\speedtreelıb\dıstrıbute\speedgrassrt.obj
c:\users\murat\desktop\sıveps2-1-99-project\source\clıent\clıent\speedtreelıb\dıstrıbute\speedgrassrt.cod
c:\users\murat\desktop\sıveps2-1-99-project\source\clıent\clıent\speedtreelıb\dıstrıbute\boundaryshapemanager.obj
c:\users\murat\desktop\sıveps2-1-99-project\source\clıent\clıent\speedtreelıb\dıstrıbute\boundaryshapemanager.cod
c:\users\murat\desktop\sıveps2-1-99-project\source\clıent\clıent\speedtreelıb\dıstrıbute\speedtreelıb.lıb
c:\users\murat\desktop\siveps2-1-99-project\source\client\client\speedtreelib\distribute\boundaryshapemanager.obj
c:\users\murat\desktop\siveps2-1-99-project\source\client\client\speedtreelib\distribute\speedgrassrt.obj
c:\users\murat\desktop\siveps2-1-99-project\source\client\client\speedtreelib\distribute\speedgrasswrapper.obj
c:\users\murat\desktop\siveps2-1-99-project\source\client\client\speedtreelib\distribute\speedtreeforest.obj
c:\users\murat\desktop\siveps2-1-99-project\source\client\client\speedtreelib\distribute\speedtreeforestdirectx8.obj
c:\users\murat\desktop\siveps2-1-99-project\source\client\client\speedtreelib\distribute\speedtreewrapper.obj
c:\users\murat\desktop\siveps2-1-99-project\source\client\client\speedtreelib\distribute\stdafx.obj
c:\users\murat\desktop\siveps2-1-99-project\source\client\client\speedtreelib\distribute\speedtreelib.pch
c:\users\murat\desktop\siveps2-1-99-project\source\client\client\speedtreelib\distribute\speedtreelib.pdb
c:\users\murat\desktop\siveps2-1-99-project\source\client\client\speedtreelib\distribute\speedtreelib.tlog\cl.command.1.tlog
c:\users\murat\desktop\siveps2-1-99-project\source\client\client\speedtreelib\distribute\speedtreelib.tlog\cl.read.1.tlog
c:\users\murat\desktop\siveps2-1-99-project\source\client\client\speedtreelib\distribute\speedtreelib.tlog\cl.write.1.tlog
c:\users\murat\desktop\siveps2-1-99-project\source\client\client\speedtreelib\distribute\speedtreelib.tlog\lib-link.read.1.tlog
c:\users\murat\desktop\siveps2-1-99-project\source\client\client\speedtreelib\distribute\speedtreelib.tlog\lib-link.write.1.tlog
c:\users\murat\desktop\siveps2-1-99-project\source\client\client\speedtreelib\distribute\speedtreelib.tlog\lib.command.1.tlog
