c:\users\murat\desktop\sıveps2-1-99-project\source\clıent\clıent\etergrnlıb\dıstrıbute\etergrnlıb.pch
c:\users\murat\desktop\sıveps2-1-99-project\source\clıent\clıent\etergrnlıb\dıstrıbute\etergrnlıb.pdb
c:\users\murat\desktop\sıveps2-1-99-project\source\clıent\clıent\etergrnlıb\dıstrıbute\stdafx.obj
c:\users\murat\desktop\sıveps2-1-99-project\source\clıent\clıent\etergrnlıb\dıstrıbute\stdafx.cod
c:\users\murat\desktop\sıveps2-1-99-project\source\clıent\clıent\etergrnlıb\dıstrıbute\utıl.obj
c:\users\murat\desktop\sıveps2-1-99-project\source\clıent\clıent\etergrnlıb\dıstrıbute\utıl.cod
c:\users\murat\desktop\sıveps2-1-99-project\source\clıent\clıent\etergrnlıb\dıstrıbute\thıngınstance.obj
c:\users\murat\desktop\sıveps2-1-99-project\source\clıent\clıent\etergrnlıb\dıstrıbute\thıngınstance.cod
c:\users\murat\desktop\sıveps2-1-99-project\source\clıent\clıent\etergrnlıb\dıstrıbute\thıng.obj
c:\users\murat\desktop\sıveps2-1-99-project\source\clıent\clıent\etergrnlıb\dıstrıbute\thıng.cod
c:\users\murat\desktop\sıveps2-1-99-project\source\clıent\clıent\etergrnlıb\dıstrıbute\motıon.obj
c:\users\murat\desktop\sıveps2-1-99-project\source\clıent\clıent\etergrnlıb\dıstrıbute\motıon.cod
c:\users\murat\desktop\sıveps2-1-99-project\source\clıent\clıent\etergrnlıb\dıstrıbute\modelınstanceupdate.obj
c:\users\murat\desktop\sıveps2-1-99-project\source\clıent\clıent\etergrnlıb\dıstrıbute\modelınstanceupdate.cod
c:\users\murat\desktop\sıveps2-1-99-project\source\clıent\clıent\etergrnlıb\dıstrıbute\modelınstancerender.obj
c:\users\murat\desktop\sıveps2-1-99-project\source\clıent\clıent\etergrnlıb\dıstrıbute\modelınstancerender.cod
c:\users\murat\desktop\sıveps2-1-99-project\source\clıent\clıent\etergrnlıb\dıstrıbute\modelınstancemotıon.obj
c:\users\murat\desktop\sıveps2-1-99-project\source\clıent\clıent\etergrnlıb\dıstrıbute\modelınstancemotıon.cod
c:\users\murat\desktop\sıveps2-1-99-project\source\clıent\clıent\etergrnlıb\dıstrıbute\modelınstancemodel.obj
c:\users\murat\desktop\sıveps2-1-99-project\source\clıent\clıent\etergrnlıb\dıstrıbute\modelınstancemodel.cod
c:\users\murat\desktop\sıveps2-1-99-project\source\clıent\clıent\etergrnlıb\dıstrıbute\modelınstancecollısıondetectıon.obj
c:\users\murat\desktop\sıveps2-1-99-project\source\clıent\clıent\etergrnlıb\dıstrıbute\modelınstancecollısıondetectıon.cod
c:\users\murat\desktop\sıveps2-1-99-project\source\clıent\clıent\etergrnlıb\dıstrıbute\modelınstance.obj
c:\users\murat\desktop\sıveps2-1-99-project\source\clıent\clıent\etergrnlıb\dıstrıbute\modelınstance.cod
c:\users\murat\desktop\sıveps2-1-99-project\source\clıent\clıent\etergrnlıb\dıstrıbute\model.obj
c:\users\murat\desktop\sıveps2-1-99-project\source\clıent\clıent\etergrnlıb\dıstrıbute\model.cod
c:\users\murat\desktop\sıveps2-1-99-project\source\clıent\clıent\etergrnlıb\dıstrıbute\mesh.obj
c:\users\murat\desktop\sıveps2-1-99-project\source\clıent\clıent\etergrnlıb\dıstrıbute\mesh.cod
c:\users\murat\desktop\sıveps2-1-99-project\source\clıent\clıent\etergrnlıb\dıstrıbute\materıal.obj
c:\users\murat\desktop\sıveps2-1-99-project\source\clıent\clıent\etergrnlıb\dıstrıbute\materıal.cod
c:\users\murat\desktop\sıveps2-1-99-project\source\clıent\clıent\etergrnlıb\dıstrıbute\lodcontroller.obj
c:\users\murat\desktop\sıveps2-1-99-project\source\clıent\clıent\etergrnlıb\dıstrıbute\lodcontroller.cod
c:\users\murat\desktop\sıveps2-1-99-project\source\clıent\clıent\etergrnlıb\dıstrıbute\etergrnlıb.lıb
c:\users\murat\desktop\siveps2-1-99-project\source\client\client\etergrnlib\distribute\lodcontroller.obj
c:\users\murat\desktop\siveps2-1-99-project\source\client\client\etergrnlib\distribute\material.obj
c:\users\murat\desktop\siveps2-1-99-project\source\client\client\etergrnlib\distribute\mesh.obj
c:\users\murat\desktop\siveps2-1-99-project\source\client\client\etergrnlib\distribute\model.obj
c:\users\murat\desktop\siveps2-1-99-project\source\client\client\etergrnlib\distribute\modelınstance.obj
c:\users\murat\desktop\siveps2-1-99-project\source\client\client\etergrnlib\distribute\modelınstancecollisiondetection.obj
c:\users\murat\desktop\siveps2-1-99-project\source\client\client\etergrnlib\distribute\modelınstancemodel.obj
c:\users\murat\desktop\siveps2-1-99-project\source\client\client\etergrnlib\distribute\modelınstancemotion.obj
c:\users\murat\desktop\siveps2-1-99-project\source\client\client\etergrnlib\distribute\modelınstancerender.obj
c:\users\murat\desktop\siveps2-1-99-project\source\client\client\etergrnlib\distribute\modelınstanceupdate.obj
c:\users\murat\desktop\siveps2-1-99-project\source\client\client\etergrnlib\distribute\motion.obj
c:\users\murat\desktop\siveps2-1-99-project\source\client\client\etergrnlib\distribute\stdafx.obj
c:\users\murat\desktop\siveps2-1-99-project\source\client\client\etergrnlib\distribute\thing.obj
c:\users\murat\desktop\siveps2-1-99-project\source\client\client\etergrnlib\distribute\thingınstance.obj
c:\users\murat\desktop\siveps2-1-99-project\source\client\client\etergrnlib\distribute\util.obj
c:\users\murat\desktop\siveps2-1-99-project\source\client\client\etergrnlib\distribute\etergrnlib.pch
c:\users\murat\desktop\siveps2-1-99-project\source\client\client\etergrnlib\distribute\etergrnlib.pdb
c:\users\murat\desktop\siveps2-1-99-project\source\client\client\etergrnlib\distribute\etergrnlib.tlog\cl.command.1.tlog
c:\users\murat\desktop\siveps2-1-99-project\source\client\client\etergrnlib\distribute\etergrnlib.tlog\cl.read.1.tlog
c:\users\murat\desktop\siveps2-1-99-project\source\client\client\etergrnlib\distribute\etergrnlib.tlog\cl.write.1.tlog
c:\users\murat\desktop\siveps2-1-99-project\source\client\client\etergrnlib\distribute\etergrnlib.tlog\lib-link.read.1.tlog
c:\users\murat\desktop\siveps2-1-99-project\source\client\client\etergrnlib\distribute\etergrnlib.tlog\lib-link.write.1.tlog
c:\users\murat\desktop\siveps2-1-99-project\source\client\client\etergrnlib\distribute\etergrnlib.tlog\lib.command.1.tlog
