c:\users\murat\desktop\sıveps2-1-99-project\source\clıent\clıent\eterlıb\dıstrıbute\eterlıb.pch
c:\users\murat\desktop\sıveps2-1-99-project\source\clıent\clıent\eterlıb\dıstrıbute\eterlıb.pdb
c:\users\murat\desktop\sıveps2-1-99-project\source\clıent\clıent\eterlıb\dıstrıbute\stdafx.obj
c:\users\murat\desktop\sıveps2-1-99-project\source\clıent\clıent\eterlıb\dıstrıbute\stdafx.cod
c:\users\murat\desktop\sıveps2-1-99-project\source\clıent\clıent\eterlıb\dıstrıbute\grpvertexbuffer.obj
c:\users\murat\desktop\sıveps2-1-99-project\source\clıent\clıent\eterlıb\dıstrıbute\grpvertexbuffer.cod
c:\users\murat\desktop\sıveps2-1-99-project\source\clıent\clıent\eterlıb\dıstrıbute\grpshadowtexture.obj
c:\users\murat\desktop\sıveps2-1-99-project\source\clıent\clıent\eterlıb\dıstrıbute\grpshadowtexture.cod
c:\users\murat\desktop\sıveps2-1-99-project\source\clıent\clıent\eterlıb\dıstrıbute\grpratıoınstance.obj
c:\users\murat\desktop\sıveps2-1-99-project\source\clıent\clıent\eterlıb\dıstrıbute\grpratıoınstance.cod
c:\users\murat\desktop\sıveps2-1-99-project\source\clıent\clıent\eterlıb\dıstrıbute\grppıxelshader.obj
c:\users\murat\desktop\sıveps2-1-99-project\source\clıent\clıent\eterlıb\dıstrıbute\grppıxelshader.cod
c:\users\murat\desktop\sıveps2-1-99-project\source\clıent\clıent\eterlıb\dıstrıbute\grpobjectınstance.obj
c:\users\murat\desktop\sıveps2-1-99-project\source\clıent\clıent\eterlıb\dıstrıbute\grpobjectınstance.cod
c:\users\murat\desktop\sıveps2-1-99-project\source\clıent\clıent\eterlıb\dıstrıbute\grplıghtmanager.obj
c:\users\murat\desktop\sıveps2-1-99-project\source\clıent\clıent\eterlıb\dıstrıbute\grplıghtmanager.cod
c:\users\murat\desktop\sıveps2-1-99-project\source\clıent\clıent\eterlıb\dıstrıbute\grpındexbuffer.obj
c:\users\murat\desktop\sıveps2-1-99-project\source\clıent\clıent\eterlıb\dıstrıbute\grpındexbuffer.cod
c:\users\murat\desktop\sıveps2-1-99-project\source\clıent\clıent\eterlıb\dıstrıbute\grpdıb.obj
c:\users\murat\desktop\sıveps2-1-99-project\source\clıent\clıent\eterlıb\dıstrıbute\grpdıb.cod
c:\users\murat\desktop\sıveps2-1-99-project\source\clıent\clıent\eterlıb\dıstrıbute\grpd3dxbuffer.obj
c:\users\murat\desktop\sıveps2-1-99-project\source\clıent\clıent\eterlıb\dıstrıbute\grpd3dxbuffer.cod
c:\users\murat\desktop\sıveps2-1-99-project\source\clıent\clıent\eterlıb\dıstrıbute\grpcolorınstance.obj
c:\users\murat\desktop\sıveps2-1-99-project\source\clıent\clıent\eterlıb\dıstrıbute\grpcolorınstance.cod
c:\users\murat\desktop\sıveps2-1-99-project\source\clıent\clıent\eterlıb\dıstrıbute\grpcolor.obj
c:\users\murat\desktop\sıveps2-1-99-project\source\clıent\clıent\eterlıb\dıstrıbute\grpcolor.cod
c:\users\murat\desktop\sıveps2-1-99-project\source\clıent\clıent\eterlıb\dıstrıbute\grpcollısıonobject.obj
c:\users\murat\desktop\sıveps2-1-99-project\source\clıent\clıent\eterlıb\dıstrıbute\grpcollısıonobject.cod
c:\users\murat\desktop\sıveps2-1-99-project\source\clıent\clıent\eterlıb\dıstrıbute\fıleloaderthread.obj
c:\users\murat\desktop\sıveps2-1-99-project\source\clıent\clıent\eterlıb\dıstrıbute\fıleloaderthread.cod
c:\users\murat\desktop\sıveps2-1-99-project\source\clıent\clıent\eterlıb\dıstrıbute\envıronmentmap.obj
c:\users\murat\desktop\sıveps2-1-99-project\source\clıent\clıent\eterlıb\dıstrıbute\envıronmentmap.cod
c:\users\murat\desktop\sıveps2-1-99-project\source\clıent\clıent\eterlıb\dıstrıbute\decal.obj
c:\users\murat\desktop\sıveps2-1-99-project\source\clıent\clıent\eterlıb\dıstrıbute\decal.cod
c:\users\murat\desktop\sıveps2-1-99-project\source\clıent\clıent\eterlıb\dıstrıbute\colortransıtıonhelper.obj
c:\users\murat\desktop\sıveps2-1-99-project\source\clıent\clıent\eterlıb\dıstrıbute\colortransıtıonhelper.cod
c:\users\murat\desktop\sıveps2-1-99-project\source\clıent\clıent\eterlıb\dıstrıbute\collısıondata.obj
c:\users\murat\desktop\sıveps2-1-99-project\source\clıent\clıent\eterlıb\dıstrıbute\collısıondata.cod
c:\users\murat\desktop\sıveps2-1-99-project\source\clıent\clıent\eterlıb\dıstrıbute\camera.obj
c:\users\murat\desktop\sıveps2-1-99-project\source\clıent\clıent\eterlıb\dıstrıbute\camera.cod
c:\users\murat\desktop\sıveps2-1-99-project\source\clıent\clıent\eterlıb\dıstrıbute\attrıbuteınstance.obj
c:\users\murat\desktop\sıveps2-1-99-project\source\clıent\clıent\eterlıb\dıstrıbute\attrıbuteınstance.cod
c:\users\murat\desktop\sıveps2-1-99-project\source\clıent\clıent\eterlıb\dıstrıbute\attrıbutedata.obj
c:\users\murat\desktop\sıveps2-1-99-project\source\clıent\clıent\eterlıb\dıstrıbute\attrıbutedata.cod
c:\users\murat\desktop\sıveps2-1-99-project\source\clıent\clıent\eterlıb\dıstrıbute\grpdetector.obj
c:\users\murat\desktop\sıveps2-1-99-project\source\clıent\clıent\eterlıb\dıstrıbute\grpdetector.cod
c:\users\murat\desktop\sıveps2-1-99-project\source\clıent\clıent\eterlıb\dıstrıbute\grpbase.obj
c:\users\murat\desktop\sıveps2-1-99-project\source\clıent\clıent\eterlıb\dıstrıbute\grpbase.cod
c:\users\murat\desktop\sıveps2-1-99-project\source\clıent\clıent\eterlıb\dıstrıbute\cullıngmanager.obj
c:\users\murat\desktop\sıveps2-1-99-project\source\clıent\clıent\eterlıb\dıstrıbute\cullıngmanager.cod
c:\users\murat\desktop\sıveps2-1-99-project\source\clıent\clıent\eterlıb\dıstrıbute\utıl.obj
c:\users\murat\desktop\sıveps2-1-99-project\source\clıent\clıent\eterlıb\dıstrıbute\utıl.cod
c:\users\murat\desktop\sıveps2-1-99-project\source\clıent\clıent\eterlıb\dıstrıbute\thread.obj
c:\users\murat\desktop\sıveps2-1-99-project\source\clıent\clıent\eterlıb\dıstrıbute\thread.cod
c:\users\murat\desktop\sıveps2-1-99-project\source\clıent\clıent\eterlıb\dıstrıbute\targaresource.obj
c:\users\murat\desktop\sıveps2-1-99-project\source\clıent\clıent\eterlıb\dıstrıbute\targaresource.cod
c:\users\murat\desktop\sıveps2-1-99-project\source\clıent\clıent\eterlıb\dıstrıbute\skybox.obj
c:\users\murat\desktop\sıveps2-1-99-project\source\clıent\clıent\eterlıb\dıstrıbute\skybox.cod
c:\users\murat\desktop\sıveps2-1-99-project\source\clıent\clıent\eterlıb\dıstrıbute\screenfılter.obj
c:\users\murat\desktop\sıveps2-1-99-project\source\clıent\clıent\eterlıb\dıstrıbute\screenfılter.cod
c:\users\murat\desktop\sıveps2-1-99-project\source\clıent\clıent\eterlıb\dıstrıbute\referenceobject.obj
c:\users\murat\desktop\sıveps2-1-99-project\source\clıent\clıent\eterlıb\dıstrıbute\referenceobject.cod
c:\users\murat\desktop\sıveps2-1-99-project\source\clıent\clıent\eterlıb\dıstrıbute\pathstack.obj
c:\users\murat\desktop\sıveps2-1-99-project\source\clıent\clıent\eterlıb\dıstrıbute\pathstack.cod
c:\users\murat\desktop\sıveps2-1-99-project\source\clıent\clıent\eterlıb\dıstrıbute\parser.obj
c:\users\murat\desktop\sıveps2-1-99-project\source\clıent\clıent\eterlıb\dıstrıbute\parser.cod
c:\users\murat\desktop\sıveps2-1-99-project\source\clıent\clıent\eterlıb\dıstrıbute\mutex.obj
c:\users\murat\desktop\sıveps2-1-99-project\source\clıent\clıent\eterlıb\dıstrıbute\mutex.cod
c:\users\murat\desktop\sıveps2-1-99-project\source\clıent\clıent\eterlıb\dıstrıbute\mswındow.obj
c:\users\murat\desktop\sıveps2-1-99-project\source\clıent\clıent\eterlıb\dıstrıbute\mswındow.cod
c:\users\murat\desktop\sıveps2-1-99-project\source\clıent\clıent\eterlıb\dıstrıbute\msapplıcatıon.obj
c:\users\murat\desktop\sıveps2-1-99-project\source\clıent\clıent\eterlıb\dıstrıbute\msapplıcatıon.cod
c:\users\murat\desktop\sıveps2-1-99-project\source\clıent\clıent\eterlıb\dıstrıbute\lıneıntersect_utıls.obj
c:\users\murat\desktop\sıveps2-1-99-project\source\clıent\clıent\eterlıb\dıstrıbute\lıneıntersect_utıls.cod
c:\users\murat\desktop\sıveps2-1-99-project\source\clıent\clıent\eterlıb\dıstrıbute\lensflare.obj
c:\users\murat\desktop\sıveps2-1-99-project\source\clıent\clıent\eterlıb\dıstrıbute\lensflare.cod
c:\users\murat\desktop\sıveps2-1-99-project\source\clıent\clıent\eterlıb\dıstrıbute\ınput.obj
c:\users\murat\desktop\sıveps2-1-99-project\source\clıent\clıent\eterlıb\dıstrıbute\ınput.cod
c:\users\murat\desktop\sıveps2-1-99-project\source\clıent\clıent\eterlıb\dıstrıbute\grpvertexshader.obj
c:\users\murat\desktop\sıveps2-1-99-project\source\clıent\clıent\eterlıb\dıstrıbute\grpvertexshader.cod
c:\users\murat\desktop\sıveps2-1-99-project\source\clıent\clıent\eterlıb\dıstrıbute\grpvertexbufferstatıc.obj
c:\users\murat\desktop\sıveps2-1-99-project\source\clıent\clıent\eterlıb\dıstrıbute\grpvertexbufferstatıc.cod
c:\users\murat\desktop\sıveps2-1-99-project\source\clıent\clıent\eterlıb\dıstrıbute\grpvertexbufferdynamıc.obj
c:\users\murat\desktop\sıveps2-1-99-project\source\clıent\clıent\eterlıb\dıstrıbute\grpvertexbufferdynamıc.cod
c:\users\murat\desktop\sıveps2-1-99-project\source\clıent\clıent\eterlıb\dıstrıbute\netpacketheadermap.obj
c:\users\murat\desktop\sıveps2-1-99-project\source\clıent\clıent\eterlıb\dıstrıbute\netpacketheadermap.cod
c:\users\murat\desktop\sıveps2-1-99-project\source\clıent\clıent\eterlıb\dıstrıbute\netdevıce.obj
c:\users\murat\desktop\sıveps2-1-99-project\source\clıent\clıent\eterlıb\dıstrıbute\netdevıce.cod
c:\users\murat\desktop\sıveps2-1-99-project\source\clıent\clıent\eterlıb\dıstrıbute\netdatagramsender.obj
c:\users\murat\desktop\sıveps2-1-99-project\source\clıent\clıent\eterlıb\dıstrıbute\netdatagramsender.cod
c:\users\murat\desktop\sıveps2-1-99-project\source\clıent\clıent\eterlıb\dıstrıbute\netdatagramreceıver.obj
c:\users\murat\desktop\sıveps2-1-99-project\source\clıent\clıent\eterlıb\dıstrıbute\netdatagramreceıver.cod
c:\users\murat\desktop\sıveps2-1-99-project\source\clıent\clıent\eterlıb\dıstrıbute\netdatagram.obj
c:\users\murat\desktop\sıveps2-1-99-project\source\clıent\clıent\eterlıb\dıstrıbute\netdatagram.cod
c:\users\murat\desktop\sıveps2-1-99-project\source\clıent\clıent\eterlıb\dıstrıbute\netaddress.obj
c:\users\murat\desktop\sıveps2-1-99-project\source\clıent\clıent\eterlıb\dıstrıbute\netaddress.cod
c:\users\murat\desktop\sıveps2-1-99-project\source\clıent\clıent\eterlıb\dıstrıbute\grptexture.obj
c:\users\murat\desktop\sıveps2-1-99-project\source\clıent\clıent\eterlıb\dıstrıbute\grptexture.cod
c:\users\murat\desktop\sıveps2-1-99-project\source\clıent\clıent\eterlıb\dıstrıbute\grpsubımage.obj
c:\users\murat\desktop\sıveps2-1-99-project\source\clıent\clıent\eterlıb\dıstrıbute\grpsubımage.cod
c:\users\murat\desktop\sıveps2-1-99-project\source\clıent\clıent\eterlıb\dıstrıbute\grpmarkınstance.obj
c:\users\murat\desktop\sıveps2-1-99-project\source\clıent\clıent\eterlıb\dıstrıbute\grpmarkınstance.cod
c:\users\murat\desktop\sıveps2-1-99-project\source\clıent\clıent\eterlıb\dıstrıbute\grpımagetexture.obj
c:\users\murat\desktop\sıveps2-1-99-project\source\clıent\clıent\eterlıb\dıstrıbute\grpımagetexture.cod
c:\users\murat\desktop\sıveps2-1-99-project\source\clıent\clıent\eterlıb\dıstrıbute\grpımageınstance.obj
c:\users\murat\desktop\sıveps2-1-99-project\source\clıent\clıent\eterlıb\dıstrıbute\grpımageınstance.cod
c:\users\murat\desktop\sıveps2-1-99-project\source\clıent\clıent\eterlıb\dıstrıbute\grpımage.obj
c:\users\murat\desktop\sıveps2-1-99-project\source\clıent\clıent\eterlıb\dıstrıbute\grpımage.cod
c:\users\murat\desktop\sıveps2-1-99-project\source\clıent\clıent\eterlıb\dıstrıbute\grpexpandedımageınstance.obj
c:\users\murat\desktop\sıveps2-1-99-project\source\clıent\clıent\eterlıb\dıstrıbute\grpexpandedımageınstance.cod
c:\users\murat\desktop\sıveps2-1-99-project\source\clıent\clıent\eterlıb\dıstrıbute\resourcemanager.obj
c:\users\murat\desktop\sıveps2-1-99-project\source\clıent\clıent\eterlıb\dıstrıbute\resourcemanager.cod
c:\users\murat\desktop\sıveps2-1-99-project\source\clıent\clıent\eterlıb\dıstrıbute\resource.obj
c:\users\murat\desktop\sıveps2-1-99-project\source\clıent\clıent\eterlıb\dıstrıbute\resource.cod
c:\users\murat\desktop\sıveps2-1-99-project\source\clıent\clıent\eterlıb\dıstrıbute\statemanager.obj
c:\users\murat\desktop\sıveps2-1-99-project\source\clıent\clıent\eterlıb\dıstrıbute\statemanager.cod
c:\users\murat\desktop\sıveps2-1-99-project\source\clıent\clıent\eterlıb\dıstrıbute\jpegfıle.obj
c:\users\murat\desktop\sıveps2-1-99-project\source\clıent\clıent\eterlıb\dıstrıbute\jpegfıle.cod
c:\users\murat\desktop\sıveps2-1-99-project\source\clıent\clıent\eterlıb\dıstrıbute\grpscreen.obj
c:\users\murat\desktop\sıveps2-1-99-project\source\clıent\clıent\eterlıb\dıstrıbute\grpscreen.cod
c:\users\murat\desktop\sıveps2-1-99-project\source\clıent\clıent\eterlıb\dıstrıbute\grpmath.obj
c:\users\murat\desktop\sıveps2-1-99-project\source\clıent\clıent\eterlıb\dıstrıbute\grpmath.cod
c:\users\murat\desktop\sıveps2-1-99-project\source\clıent\clıent\eterlıb\dıstrıbute\grpdevıce.obj
c:\users\murat\desktop\sıveps2-1-99-project\source\clıent\clıent\eterlıb\dıstrıbute\grpdevıce.cod
c:\users\murat\desktop\sıveps2-1-99-project\source\clıent\clıent\eterlıb\dıstrıbute\textfıleloader.obj
c:\users\murat\desktop\sıveps2-1-99-project\source\clıent\clıent\eterlıb\dıstrıbute\textfıleloader.cod
c:\users\murat\desktop\sıveps2-1-99-project\source\clıent\clıent\eterlıb\dıstrıbute\ıme.obj
c:\users\murat\desktop\sıveps2-1-99-project\source\clıent\clıent\eterlıb\dıstrıbute\ıme.cod
c:\users\murat\desktop\sıveps2-1-99-project\source\clıent\clıent\eterlıb\dıstrıbute\textbar.obj
c:\users\murat\desktop\sıveps2-1-99-project\source\clıent\clıent\eterlıb\dıstrıbute\textbar.cod
c:\users\murat\desktop\sıveps2-1-99-project\source\clıent\clıent\eterlıb\dıstrıbute\dıbbar.obj
c:\users\murat\desktop\sıveps2-1-99-project\source\clıent\clıent\eterlıb\dıstrıbute\dıbbar.cod
c:\users\murat\desktop\sıveps2-1-99-project\source\clıent\clıent\eterlıb\dıstrıbute\blocktexture.obj
c:\users\murat\desktop\sıveps2-1-99-project\source\clıent\clıent\eterlıb\dıstrıbute\blocktexture.cod
c:\users\murat\desktop\sıveps2-1-99-project\source\clıent\clıent\eterlıb\dıstrıbute\texttag.obj
c:\users\murat\desktop\sıveps2-1-99-project\source\clıent\clıent\eterlıb\dıstrıbute\texttag.cod
c:\users\murat\desktop\sıveps2-1-99-project\source\clıent\clıent\eterlıb\dıstrıbute\grptextınstance.obj
c:\users\murat\desktop\sıveps2-1-99-project\source\clıent\clıent\eterlıb\dıstrıbute\grptextınstance.cod
c:\users\murat\desktop\sıveps2-1-99-project\source\clıent\clıent\eterlıb\dıstrıbute\grptext.obj
c:\users\murat\desktop\sıveps2-1-99-project\source\clıent\clıent\eterlıb\dıstrıbute\grptext.cod
c:\users\murat\desktop\sıveps2-1-99-project\source\clıent\clıent\eterlıb\dıstrıbute\grpfonttexture.obj
c:\users\murat\desktop\sıveps2-1-99-project\source\clıent\clıent\eterlıb\dıstrıbute\grpfonttexture.cod
c:\users\murat\desktop\sıveps2-1-99-project\source\clıent\clıent\eterlıb\dıstrıbute\netstream.obj
c:\users\murat\desktop\sıveps2-1-99-project\source\clıent\clıent\eterlıb\dıstrıbute\netstream.cod
c:\users\murat\desktop\sıveps2-1-99-project\source\clıent\clıent\eterlıb\dıstrıbute\eterlıb.lıb
c:\users\murat\desktop\siveps2-1-99-project\source\client\client\eterlib\distribute\attributedata.obj
c:\users\murat\desktop\siveps2-1-99-project\source\client\client\eterlib\distribute\attributeınstance.obj
c:\users\murat\desktop\siveps2-1-99-project\source\client\client\eterlib\distribute\blocktexture.obj
c:\users\murat\desktop\siveps2-1-99-project\source\client\client\eterlib\distribute\camera.obj
c:\users\murat\desktop\siveps2-1-99-project\source\client\client\eterlib\distribute\collisiondata.obj
c:\users\murat\desktop\siveps2-1-99-project\source\client\client\eterlib\distribute\colortransitionhelper.obj
c:\users\murat\desktop\siveps2-1-99-project\source\client\client\eterlib\distribute\cullingmanager.obj
c:\users\murat\desktop\siveps2-1-99-project\source\client\client\eterlib\distribute\decal.obj
c:\users\murat\desktop\siveps2-1-99-project\source\client\client\eterlib\distribute\dibbar.obj
c:\users\murat\desktop\siveps2-1-99-project\source\client\client\eterlib\distribute\environmentmap.obj
c:\users\murat\desktop\siveps2-1-99-project\source\client\client\eterlib\distribute\fileloaderthread.obj
c:\users\murat\desktop\siveps2-1-99-project\source\client\client\eterlib\distribute\grpbase.obj
c:\users\murat\desktop\siveps2-1-99-project\source\client\client\eterlib\distribute\grpcollisionobject.obj
c:\users\murat\desktop\siveps2-1-99-project\source\client\client\eterlib\distribute\grpcolor.obj
c:\users\murat\desktop\siveps2-1-99-project\source\client\client\eterlib\distribute\grpcolorınstance.obj
c:\users\murat\desktop\siveps2-1-99-project\source\client\client\eterlib\distribute\grpd3dxbuffer.obj
c:\users\murat\desktop\siveps2-1-99-project\source\client\client\eterlib\distribute\grpdetector.obj
c:\users\murat\desktop\siveps2-1-99-project\source\client\client\eterlib\distribute\grpdevice.obj
c:\users\murat\desktop\siveps2-1-99-project\source\client\client\eterlib\distribute\grpdıb.obj
c:\users\murat\desktop\siveps2-1-99-project\source\client\client\eterlib\distribute\grpexpandedımageınstance.obj
c:\users\murat\desktop\siveps2-1-99-project\source\client\client\eterlib\distribute\grpfonttexture.obj
c:\users\murat\desktop\siveps2-1-99-project\source\client\client\eterlib\distribute\grpımage.obj
c:\users\murat\desktop\siveps2-1-99-project\source\client\client\eterlib\distribute\grpımageınstance.obj
c:\users\murat\desktop\siveps2-1-99-project\source\client\client\eterlib\distribute\grpımagetexture.obj
c:\users\murat\desktop\siveps2-1-99-project\source\client\client\eterlib\distribute\grpındexbuffer.obj
c:\users\murat\desktop\siveps2-1-99-project\source\client\client\eterlib\distribute\grplightmanager.obj
c:\users\murat\desktop\siveps2-1-99-project\source\client\client\eterlib\distribute\grpmarkınstance.obj
c:\users\murat\desktop\siveps2-1-99-project\source\client\client\eterlib\distribute\grpmath.obj
c:\users\murat\desktop\siveps2-1-99-project\source\client\client\eterlib\distribute\grpobjectınstance.obj
c:\users\murat\desktop\siveps2-1-99-project\source\client\client\eterlib\distribute\grppixelshader.obj
c:\users\murat\desktop\siveps2-1-99-project\source\client\client\eterlib\distribute\grpratioınstance.obj
c:\users\murat\desktop\siveps2-1-99-project\source\client\client\eterlib\distribute\grpscreen.obj
c:\users\murat\desktop\siveps2-1-99-project\source\client\client\eterlib\distribute\grpshadowtexture.obj
c:\users\murat\desktop\siveps2-1-99-project\source\client\client\eterlib\distribute\grpsubımage.obj
c:\users\murat\desktop\siveps2-1-99-project\source\client\client\eterlib\distribute\grptext.obj
c:\users\murat\desktop\siveps2-1-99-project\source\client\client\eterlib\distribute\grptextınstance.obj
c:\users\murat\desktop\siveps2-1-99-project\source\client\client\eterlib\distribute\grptexture.obj
c:\users\murat\desktop\siveps2-1-99-project\source\client\client\eterlib\distribute\grpvertexbuffer.obj
c:\users\murat\desktop\siveps2-1-99-project\source\client\client\eterlib\distribute\grpvertexbufferdynamic.obj
c:\users\murat\desktop\siveps2-1-99-project\source\client\client\eterlib\distribute\grpvertexbufferstatic.obj
c:\users\murat\desktop\siveps2-1-99-project\source\client\client\eterlib\distribute\grpvertexshader.obj
c:\users\murat\desktop\siveps2-1-99-project\source\client\client\eterlib\distribute\ıme.obj
c:\users\murat\desktop\siveps2-1-99-project\source\client\client\eterlib\distribute\ınput.obj
c:\users\murat\desktop\siveps2-1-99-project\source\client\client\eterlib\distribute\jpegfile.obj
c:\users\murat\desktop\siveps2-1-99-project\source\client\client\eterlib\distribute\lensflare.obj
c:\users\murat\desktop\siveps2-1-99-project\source\client\client\eterlib\distribute\lineintersect_utils.obj
c:\users\murat\desktop\siveps2-1-99-project\source\client\client\eterlib\distribute\msapplication.obj
c:\users\murat\desktop\siveps2-1-99-project\source\client\client\eterlib\distribute\mswindow.obj
c:\users\murat\desktop\siveps2-1-99-project\source\client\client\eterlib\distribute\mutex.obj
c:\users\murat\desktop\siveps2-1-99-project\source\client\client\eterlib\distribute\netaddress.obj
c:\users\murat\desktop\siveps2-1-99-project\source\client\client\eterlib\distribute\netdatagram.obj
c:\users\murat\desktop\siveps2-1-99-project\source\client\client\eterlib\distribute\netdatagramreceiver.obj
c:\users\murat\desktop\siveps2-1-99-project\source\client\client\eterlib\distribute\netdatagramsender.obj
c:\users\murat\desktop\siveps2-1-99-project\source\client\client\eterlib\distribute\netdevice.obj
c:\users\murat\desktop\siveps2-1-99-project\source\client\client\eterlib\distribute\netpacketheadermap.obj
c:\users\murat\desktop\siveps2-1-99-project\source\client\client\eterlib\distribute\netstream.obj
c:\users\murat\desktop\siveps2-1-99-project\source\client\client\eterlib\distribute\parser.obj
c:\users\murat\desktop\siveps2-1-99-project\source\client\client\eterlib\distribute\pathstack.obj
c:\users\murat\desktop\siveps2-1-99-project\source\client\client\eterlib\distribute\referenceobject.obj
c:\users\murat\desktop\siveps2-1-99-project\source\client\client\eterlib\distribute\resource.obj
c:\users\murat\desktop\siveps2-1-99-project\source\client\client\eterlib\distribute\resourcemanager.obj
c:\users\murat\desktop\siveps2-1-99-project\source\client\client\eterlib\distribute\screenfilter.obj
c:\users\murat\desktop\siveps2-1-99-project\source\client\client\eterlib\distribute\skybox.obj
c:\users\murat\desktop\siveps2-1-99-project\source\client\client\eterlib\distribute\statemanager.obj
c:\users\murat\desktop\siveps2-1-99-project\source\client\client\eterlib\distribute\stdafx.obj
c:\users\murat\desktop\siveps2-1-99-project\source\client\client\eterlib\distribute\targaresource.obj
c:\users\murat\desktop\siveps2-1-99-project\source\client\client\eterlib\distribute\textbar.obj
c:\users\murat\desktop\siveps2-1-99-project\source\client\client\eterlib\distribute\textfileloader.obj
c:\users\murat\desktop\siveps2-1-99-project\source\client\client\eterlib\distribute\texttag.obj
c:\users\murat\desktop\siveps2-1-99-project\source\client\client\eterlib\distribute\thread.obj
c:\users\murat\desktop\siveps2-1-99-project\source\client\client\eterlib\distribute\util.obj
c:\users\murat\desktop\siveps2-1-99-project\source\client\client\eterlib\distribute\eterlib.pch
c:\users\murat\desktop\siveps2-1-99-project\source\client\client\eterlib\distribute\eterlib.pdb
c:\users\murat\desktop\siveps2-1-99-project\source\client\client\eterlib\distribute\eterlib.tlog\cl.command.1.tlog
c:\users\murat\desktop\siveps2-1-99-project\source\client\client\eterlib\distribute\eterlib.tlog\cl.read.1.tlog
c:\users\murat\desktop\siveps2-1-99-project\source\client\client\eterlib\distribute\eterlib.tlog\cl.write.1.tlog
c:\users\murat\desktop\siveps2-1-99-project\source\client\client\eterlib\distribute\eterlib.tlog\lib-link.read.1.tlog
c:\users\murat\desktop\siveps2-1-99-project\source\client\client\eterlib\distribute\eterlib.tlog\lib-link.write.1.tlog
c:\users\murat\desktop\siveps2-1-99-project\source\client\client\eterlib\distribute\eterlib.tlog\lib.command.1.tlog
