  StdAfx.cpp
  AttributeData.cpp
  AttributeInstance.cpp
  Camera.cpp
  CollisionData.cpp
  ColorTransitionHelper.cpp
  Decal.cpp
  EnvironmentMap.cpp
  FileLoaderThread.cpp
  GrpCollisionObject.cpp
  GrpColor.cpp
  GrpColorInstance.cpp
  GrpD3DXBuffer.cpp
  GrpDIB.cpp
  GrpIndexBuffer.cpp
  GrpLightManager.cpp
  GrpObjectInstance.cpp
  GrpPixelShader.cpp
  GrpRatioInstance.cpp
  GrpShadowTexture.cpp
  GrpVertexBuffer.cpp
  Kod Üretiliyor...
  Derleniyor...
  GrpVertexBufferDynamic.cpp
  GrpVertexBufferStatic.cpp
  GrpVertexShader.cpp
  Input.cpp
  LensFlare.cpp
  lineintersect_utils.cpp
  MSApplication.cpp
  MSWindow.cpp
  Mutex.cpp
  parser.cpp
  PathStack.cpp
  ReferenceObject.cpp
  ScreenFilter.cpp
  SkyBox.cpp
C:\Users\murat\Desktop\Siveps2-1-99-Project\source\client\Client\EterLib\SkyBox.h(108,2): warning C5208: TypeDef adında kullanılan adlandırılmamış sınıf, statik olmayan veri üyeleri, üye sabit listeleri veya üye sınıfları dışında üye bildiremez
  TargaResource.cpp
  Thread.cpp
  Util.cpp
  CullingManager.cpp
  GrpBase.cpp
  GrpDetector.cpp
  Kod Üretiliyor...
  Derleniyor...
  GrpDevice.cpp
  GrpMath.cpp
  GrpScreen.cpp
C:\Users\murat\Desktop\Siveps2-1-99-Project\source\client\Client\EterLib\GrpScreen.cpp(719,43): warning C4838: 'UINT ile 'LONG arasında dönüştürme bir daraltma dönüştürmesi gerektiriyor
C:\Users\murat\Desktop\Siveps2-1-99-Project\source\client\Client\EterLib\GrpScreen.cpp(720,63): warning C4838: 'UINT ile 'LONG arasında dönüştürme bir daraltma dönüştürmesi gerektiriyor
C:\Users\murat\Desktop\Siveps2-1-99-Project\source\client\Client\EterLib\GrpScreen.cpp(720,103): warning C4838: 'UINT ile 'LONG arasında dönüştürme bir daraltma dönüştürmesi gerektiriyor
C:\Users\murat\Desktop\Siveps2-1-99-Project\source\client\Client\EterLib\GrpScreen.cpp(722,75): warning C4838: 'UINT ile 'LONG arasında dönüştürme bir daraltma dönüştürmesi gerektiriyor
  JpegFile.cpp
  StateManager.cpp
  Resource.cpp
  ResourceManager.cpp
  GrpExpandedImageInstance.cpp
  GrpImage.cpp
  GrpImageInstance.cpp
  GrpImageTexture.cpp
  GrpMarkInstance.cpp
  GrpSubImage.cpp
  GrpTexture.cpp
  NetAddress.cpp
  NetDatagram.cpp
  NetDatagramReceiver.cpp
  NetDatagramSender.cpp
  NetDevice.cpp
  NetPacketHeaderMap.cpp
  Kod Üretiliyor...
  Derleniyor...
  NetStream.cpp
  GrpFontTexture.cpp
C:\Users\murat\Desktop\Siveps2-1-99-Project\source\client\Client\EterLib\GrpFontTexture.cpp(283,54): warning C4267: '=': 'size_t' - 'short' dönüşümü; veri kaybı olabilir
  GrpText.cpp
  GrpTextInstance.cpp
  TextTag.cpp
  BlockTexture.cpp
  DibBar.cpp
C:\Users\murat\Desktop\Siveps2-1-99-Project\source\client\Client\EterLib\DibBar.cpp(7,21): warning C4838: 'DWORD ile 'LONG arasında dönüştürme bir daraltma dönüştürmesi gerektiriyor
C:\Users\murat\Desktop\Siveps2-1-99-Project\source\client\Client\EterLib\DibBar.cpp(7,32): warning C4838: 'DWORD ile 'LONG arasında dönüştürme bir daraltma dönüştürmesi gerektiriyor
C:\Users\murat\Desktop\Siveps2-1-99-Project\source\client\Client\EterLib\DibBar.cpp(81,18): warning C4838: 'DWORD ile 'LONG arasında dönüştürme bir daraltma dönüştürmesi gerektiriyor
C:\Users\murat\Desktop\Siveps2-1-99-Project\source\client\Client\EterLib\DibBar.cpp(81,26): warning C4838: 'DWORD ile 'LONG arasında dönüştürme bir daraltma dönüştürmesi gerektiriyor
C:\Users\murat\Desktop\Siveps2-1-99-Project\source\client\Client\EterLib\DibBar.cpp(81,40): warning C4838: 'unsigned long ile 'LONG arasında dönüştürme bir daraltma dönüştürmesi gerektiriyor
C:\Users\murat\Desktop\Siveps2-1-99-Project\source\client\Client\EterLib\DibBar.cpp(81,61): warning C4838: 'unsigned long ile 'LONG arasında dönüştürme bir daraltma dönüştürmesi gerektiriyor
  TextBar.cpp
  IME.cpp
C:\Users\murat\Desktop\Siveps2-1-99-Project\source\client\Client\EterLib\IME.cpp(309,2): warning C4996: 'GetVersionExA': kullanım dışı olarak bildirildi
C:\Users\murat\Desktop\Siveps2-1-99-Project\source\client\Client\EterLib\IME.cpp(1198,7): warning C4996: 'GetVersionExA': kullanım dışı olarak bildirildi
  TextFileLoader.cpp
  Kod Üretiliyor...
  eterlib.vcxproj -> C:\Users\murat\Desktop\Siveps2-1-99-Project\source\client\Client\EterLib\Distribute\eterlib.lib
