c:\users\murat\desktop\sıveps2-1-99-project\source\clıent\clıent\eterımagelıb\dıstrıbute\eterımagelıb.pch
c:\users\murat\desktop\sıveps2-1-99-project\source\clıent\clıent\eterımagelıb\dıstrıbute\eterımagelıb.pdb
c:\users\murat\desktop\sıveps2-1-99-project\source\clıent\clıent\eterımagelıb\dıstrıbute\stdafx.obj
c:\users\murat\desktop\sıveps2-1-99-project\source\clıent\clıent\eterımagelıb\dıstrıbute\stdafx.cod
c:\users\murat\desktop\sıveps2-1-99-project\source\clıent\clıent\eterımagelıb\dıstrıbute\tgaımage.obj
c:\users\murat\desktop\sıveps2-1-99-project\source\clıent\clıent\eterımagelıb\dıstrıbute\tgaımage.cod
c:\users\murat\desktop\sıveps2-1-99-project\source\clıent\clıent\eterımagelıb\dıstrıbute\ımage.obj
c:\users\murat\desktop\sıveps2-1-99-project\source\clıent\clıent\eterımagelıb\dıstrıbute\ımage.cod
c:\users\murat\desktop\sıveps2-1-99-project\source\clıent\clıent\eterımagelıb\dıstrıbute\dxtcımage.obj
c:\users\murat\desktop\sıveps2-1-99-project\source\clıent\clıent\eterımagelıb\dıstrıbute\dxtcımage.cod
c:\users\murat\desktop\sıveps2-1-99-project\source\clıent\clıent\eterımagelıb\dıstrıbute\eterımagelıb.lıb
c:\users\murat\desktop\siveps2-1-99-project\source\client\client\eterımagelib\distribute\dxtcımage.obj
c:\users\murat\desktop\siveps2-1-99-project\source\client\client\eterımagelib\distribute\ımage.obj
c:\users\murat\desktop\siveps2-1-99-project\source\client\client\eterımagelib\distribute\stdafx.obj
c:\users\murat\desktop\siveps2-1-99-project\source\client\client\eterımagelib\distribute\tgaımage.obj
c:\users\murat\desktop\siveps2-1-99-project\source\client\client\eterımagelib\distribute\eterımagelib.pch
c:\users\murat\desktop\siveps2-1-99-project\source\client\client\eterımagelib\distribute\eterımagelib.pdb
c:\users\murat\desktop\siveps2-1-99-project\source\client\client\eterımagelib\distribute\eterımagelib.tlog\cl.command.1.tlog
c:\users\murat\desktop\siveps2-1-99-project\source\client\client\eterımagelib\distribute\eterımagelib.tlog\cl.read.1.tlog
c:\users\murat\desktop\siveps2-1-99-project\source\client\client\eterımagelib\distribute\eterımagelib.tlog\cl.write.1.tlog
c:\users\murat\desktop\siveps2-1-99-project\source\client\client\eterımagelib\distribute\eterımagelib.tlog\lib-link.read.1.tlog
c:\users\murat\desktop\siveps2-1-99-project\source\client\client\eterımagelib\distribute\eterımagelib.tlog\lib-link.write.1.tlog
c:\users\murat\desktop\siveps2-1-99-project\source\client\client\eterımagelib\distribute\eterımagelib.tlog\lib.command.1.tlog
