c:\users\murat\desktop\sıveps2-1-99-project\source\clıent\clıent\scrıptlıb\dıstrıbute\scrıptlıb.pch
c:\users\murat\desktop\sıveps2-1-99-project\source\clıent\clıent\scrıptlıb\dıstrıbute\scrıptlıb.pdb
c:\users\murat\desktop\sıveps2-1-99-project\source\clıent\clıent\scrıptlıb\dıstrıbute\stdafx.obj
c:\users\murat\desktop\sıveps2-1-99-project\source\clıent\clıent\scrıptlıb\dıstrıbute\stdafx.cod
c:\users\murat\desktop\sıveps2-1-99-project\source\clıent\clıent\scrıptlıb\dıstrıbute\resource.obj
c:\users\murat\desktop\sıveps2-1-99-project\source\clıent\clıent\scrıptlıb\dıstrıbute\resource.cod
c:\users\murat\desktop\sıveps2-1-99-project\source\clıent\clıent\scrıptlıb\dıstrıbute\pythonutıls.obj
c:\users\murat\desktop\sıveps2-1-99-project\source\clıent\clıent\scrıptlıb\dıstrıbute\pythonutıls.cod
c:\users\murat\desktop\sıveps2-1-99-project\source\clıent\clıent\scrıptlıb\dıstrıbute\pythonmarshal.obj
c:\users\murat\desktop\sıveps2-1-99-project\source\clıent\clıent\scrıptlıb\dıstrıbute\pythonmarshal.cod
c:\users\murat\desktop\sıveps2-1-99-project\source\clıent\clıent\scrıptlıb\dıstrıbute\pythonlauncher.obj
c:\users\murat\desktop\sıveps2-1-99-project\source\clıent\clıent\scrıptlıb\dıstrıbute\pythonlauncher.cod
c:\users\murat\desktop\sıveps2-1-99-project\source\clıent\clıent\scrıptlıb\dıstrıbute\pythondebugmodule.obj
c:\users\murat\desktop\sıveps2-1-99-project\source\clıent\clıent\scrıptlıb\dıstrıbute\pythondebugmodule.cod
c:\users\murat\desktop\sıveps2-1-99-project\source\clıent\clıent\scrıptlıb\dıstrıbute\scrıptlıb.lıb
c:\users\murat\desktop\siveps2-1-99-project\source\client\client\scriptlib\distribute\pythondebugmodule.obj
c:\users\murat\desktop\siveps2-1-99-project\source\client\client\scriptlib\distribute\pythonlauncher.obj
c:\users\murat\desktop\siveps2-1-99-project\source\client\client\scriptlib\distribute\pythonmarshal.obj
c:\users\murat\desktop\siveps2-1-99-project\source\client\client\scriptlib\distribute\pythonutils.obj
c:\users\murat\desktop\siveps2-1-99-project\source\client\client\scriptlib\distribute\resource.obj
c:\users\murat\desktop\siveps2-1-99-project\source\client\client\scriptlib\distribute\stdafx.obj
c:\users\murat\desktop\siveps2-1-99-project\source\client\client\scriptlib\distribute\scriptlib.pch
c:\users\murat\desktop\siveps2-1-99-project\source\client\client\scriptlib\distribute\scriptlib.pdb
c:\users\murat\desktop\siveps2-1-99-project\source\client\client\scriptlib\distribute\scriptlib.tlog\cl.command.1.tlog
c:\users\murat\desktop\siveps2-1-99-project\source\client\client\scriptlib\distribute\scriptlib.tlog\cl.read.1.tlog
c:\users\murat\desktop\siveps2-1-99-project\source\client\client\scriptlib\distribute\scriptlib.tlog\cl.write.1.tlog
c:\users\murat\desktop\siveps2-1-99-project\source\client\client\scriptlib\distribute\scriptlib.tlog\lib-link.read.1.tlog
c:\users\murat\desktop\siveps2-1-99-project\source\client\client\scriptlib\distribute\scriptlib.tlog\lib-link.write.1.tlog
c:\users\murat\desktop\siveps2-1-99-project\source\client\client\scriptlib\distribute\scriptlib.tlog\lib.command.1.tlog
