c:\users\murat\desktop\sıveps2-1-99-project\source\clıent\clıent\bın\metın2clıent.bsc
c:\users\murat\desktop\sıveps2-1-99-project\source\clıent\clıent\userınterface\release\userınterface.pch
c:\users\murat\desktop\sıveps2-1-99-project\source\clıent\clıent\userınterface\release\metın2clıent.pdb
c:\users\murat\desktop\sıveps2-1-99-project\source\clıent\clıent\userınterface\release\stdafx.sbr
c:\users\murat\desktop\sıveps2-1-99-project\source\clıent\clıent\userınterface\release\stdafx.obj
c:\users\murat\desktop\sıveps2-1-99-project\source\clıent\clıent\userınterface\release\affectflagcontaıner.sbr
c:\users\murat\desktop\sıveps2-1-99-project\source\clıent\clıent\userınterface\release\ınstancebase.sbr
c:\users\murat\desktop\sıveps2-1-99-project\source\clıent\clıent\userınterface\release\ınstancebasebattle.sbr
c:\users\murat\desktop\sıveps2-1-99-project\source\clıent\clıent\userınterface\release\ınstancebaseeffect.sbr
c:\users\murat\desktop\sıveps2-1-99-project\source\clıent\clıent\userınterface\release\ınstancebaseevent.sbr
c:\users\murat\desktop\sıveps2-1-99-project\source\clıent\clıent\userınterface\release\ınstancebasemotıon.sbr
c:\users\murat\desktop\sıveps2-1-99-project\source\clıent\clıent\userınterface\release\ınstancebasemovement.sbr
c:\users\murat\desktop\sıveps2-1-99-project\source\clıent\clıent\userınterface\release\ınstancebasetransform.sbr
c:\users\murat\desktop\sıveps2-1-99-project\source\clıent\clıent\userınterface\release\cameraprocedure.sbr
c:\users\murat\desktop\sıveps2-1-99-project\source\clıent\clıent\userınterface\release\pythonacce.sbr
c:\users\murat\desktop\sıveps2-1-99-project\source\clıent\clıent\userınterface\release\pythonbackground.sbr
c:\users\murat\desktop\sıveps2-1-99-project\source\clıent\clıent\userınterface\release\pythonbackgroundmodule.sbr
c:\users\murat\desktop\sıveps2-1-99-project\source\clıent\clıent\userınterface\release\pythoncharactermanager.sbr
c:\users\murat\desktop\sıveps2-1-99-project\source\clıent\clıent\userınterface\release\pythoncharactermanagermodule.sbr
c:\users\murat\desktop\sıveps2-1-99-project\source\clıent\clıent\userınterface\release\pythoncharactermodule.sbr
c:\users\murat\desktop\sıveps2-1-99-project\source\clıent\clıent\userınterface\release\pythoneffectmodule.sbr
c:\users\murat\desktop\sıveps2-1-99-project\source\clıent\clıent\userınterface\release\pythoneventmanager.sbr
c:\users\murat\desktop\sıveps2-1-99-project\source\clıent\clıent\userınterface\release\pythoneventmanagermoudle.sbr
c:\users\murat\desktop\sıveps2-1-99-project\source\clıent\clıent\userınterface\release\pythongameeventmanagermodule.sbr
c:\users\murat\desktop\sıveps2-1-99-project\source\clıent\clıent\userınterface\release\pythonıtem.sbr
c:\users\murat\desktop\sıveps2-1-99-project\source\clıent\clıent\userınterface\release\pythonıtem.obj
c:\users\murat\desktop\sıveps2-1-99-project\source\clıent\clıent\userınterface\release\pythongameeventmanagermodule.obj
c:\users\murat\desktop\sıveps2-1-99-project\source\clıent\clıent\userınterface\release\pythoneventmanagermoudle.obj
c:\users\murat\desktop\sıveps2-1-99-project\source\clıent\clıent\userınterface\release\pythoneventmanager.obj
c:\users\murat\desktop\sıveps2-1-99-project\source\clıent\clıent\userınterface\release\pythoneffectmodule.obj
c:\users\murat\desktop\sıveps2-1-99-project\source\clıent\clıent\userınterface\release\pythoncharactermodule.obj
c:\users\murat\desktop\sıveps2-1-99-project\source\clıent\clıent\userınterface\release\pythoncharactermanagermodule.obj
c:\users\murat\desktop\sıveps2-1-99-project\source\clıent\clıent\userınterface\release\pythoncharactermanager.obj
c:\users\murat\desktop\sıveps2-1-99-project\source\clıent\clıent\userınterface\release\pythonbackgroundmodule.obj
c:\users\murat\desktop\sıveps2-1-99-project\source\clıent\clıent\userınterface\release\pythonbackground.obj
c:\users\murat\desktop\sıveps2-1-99-project\source\clıent\clıent\userınterface\release\pythonacce.obj
c:\users\murat\desktop\sıveps2-1-99-project\source\clıent\clıent\userınterface\release\cameraprocedure.obj
c:\users\murat\desktop\sıveps2-1-99-project\source\clıent\clıent\userınterface\release\ınstancebasetransform.obj
c:\users\murat\desktop\sıveps2-1-99-project\source\clıent\clıent\userınterface\release\ınstancebasemovement.obj
c:\users\murat\desktop\sıveps2-1-99-project\source\clıent\clıent\userınterface\release\ınstancebasemotıon.obj
c:\users\murat\desktop\sıveps2-1-99-project\source\clıent\clıent\userınterface\release\ınstancebaseevent.obj
c:\users\murat\desktop\sıveps2-1-99-project\source\clıent\clıent\userınterface\release\ınstancebaseeffect.obj
c:\users\murat\desktop\sıveps2-1-99-project\source\clıent\clıent\userınterface\release\ınstancebasebattle.obj
c:\users\murat\desktop\sıveps2-1-99-project\source\clıent\clıent\userınterface\release\ınstancebase.obj
c:\users\murat\desktop\sıveps2-1-99-project\source\clıent\clıent\userınterface\release\affectflagcontaıner.obj
c:\users\murat\desktop\sıveps2-1-99-project\source\clıent\clıent\userınterface\release\pythonıtemmodule.sbr
c:\users\murat\desktop\sıveps2-1-99-project\source\clıent\clıent\userınterface\release\pythonnetworkstreamofflıneshop.sbr
c:\users\murat\desktop\sıveps2-1-99-project\source\clıent\clıent\userınterface\release\pythonnonplayer.sbr
c:\users\murat\desktop\sıveps2-1-99-project\source\clıent\clıent\userınterface\release\pythonnonplayermodule.sbr
c:\users\murat\desktop\sıveps2-1-99-project\source\clıent\clıent\userınterface\release\pythonofflıneshop.sbr
c:\users\murat\desktop\sıveps2-1-99-project\source\clıent\clıent\userınterface\release\pythonplayer.sbr
c:\users\murat\desktop\sıveps2-1-99-project\source\clıent\clıent\userınterface\release\pythonplayereventhandler.sbr
c:\users\murat\desktop\sıveps2-1-99-project\source\clıent\clıent\userınterface\release\pythonplayerınput.sbr
c:\users\murat\desktop\sıveps2-1-99-project\source\clıent\clıent\userınterface\release\pythonplayerınputkeyboard.sbr
c:\users\murat\desktop\sıveps2-1-99-project\source\clıent\clıent\userınterface\release\pythonplayerınputmouse.sbr
c:\users\murat\desktop\sıveps2-1-99-project\source\clıent\clıent\userınterface\release\pythonplayermodule.sbr
c:\users\murat\desktop\sıveps2-1-99-project\source\clıent\clıent\userınterface\release\pythonplayersettıngsmodule.sbr
c:\users\murat\desktop\sıveps2-1-99-project\source\clıent\clıent\userınterface\release\pythonplayerskıll.sbr
c:\users\murat\desktop\sıveps2-1-99-project\source\clıent\clıent\userınterface\release\pythonquest.sbr
c:\users\murat\desktop\sıveps2-1-99-project\source\clıent\clıent\userınterface\release\pythonskıll.sbr
c:\users\murat\desktop\sıveps2-1-99-project\source\clıent\clıent\userınterface\release\pythonchat.sbr
c:\users\murat\desktop\sıveps2-1-99-project\source\clıent\clıent\userınterface\release\pythonchatmodule.sbr
c:\users\murat\desktop\sıveps2-1-99-project\source\clıent\clıent\userınterface\release\pythonexchange.sbr
c:\users\murat\desktop\sıveps2-1-99-project\source\clıent\clıent\userınterface\release\pythonexchangemodule.sbr
c:\users\murat\desktop\sıveps2-1-99-project\source\clıent\clıent\userınterface\release\pythonflymodule.sbr
c:\users\murat\desktop\sıveps2-1-99-project\source\clıent\clıent\userınterface\release\pythonflymodule.obj
c:\users\murat\desktop\sıveps2-1-99-project\source\clıent\clıent\userınterface\release\pythonexchangemodule.obj
c:\users\murat\desktop\sıveps2-1-99-project\source\clıent\clıent\userınterface\release\pythonexchange.obj
c:\users\murat\desktop\sıveps2-1-99-project\source\clıent\clıent\userınterface\release\pythonchatmodule.obj
c:\users\murat\desktop\sıveps2-1-99-project\source\clıent\clıent\userınterface\release\pythonchat.obj
c:\users\murat\desktop\sıveps2-1-99-project\source\clıent\clıent\userınterface\release\pythonskıll.obj
c:\users\murat\desktop\sıveps2-1-99-project\source\clıent\clıent\userınterface\release\pythonquest.obj
c:\users\murat\desktop\sıveps2-1-99-project\source\clıent\clıent\userınterface\release\pythonplayerskıll.obj
c:\users\murat\desktop\sıveps2-1-99-project\source\clıent\clıent\userınterface\release\pythonplayersettıngsmodule.obj
c:\users\murat\desktop\sıveps2-1-99-project\source\clıent\clıent\userınterface\release\pythonplayermodule.obj
c:\users\murat\desktop\sıveps2-1-99-project\source\clıent\clıent\userınterface\release\pythonplayerınputmouse.obj
c:\users\murat\desktop\sıveps2-1-99-project\source\clıent\clıent\userınterface\release\pythonplayerınputkeyboard.obj
c:\users\murat\desktop\sıveps2-1-99-project\source\clıent\clıent\userınterface\release\pythonplayerınput.obj
c:\users\murat\desktop\sıveps2-1-99-project\source\clıent\clıent\userınterface\release\pythonplayereventhandler.obj
c:\users\murat\desktop\sıveps2-1-99-project\source\clıent\clıent\userınterface\release\pythonplayer.obj
c:\users\murat\desktop\sıveps2-1-99-project\source\clıent\clıent\userınterface\release\pythonofflıneshop.obj
c:\users\murat\desktop\sıveps2-1-99-project\source\clıent\clıent\userınterface\release\pythonnonplayermodule.obj
c:\users\murat\desktop\sıveps2-1-99-project\source\clıent\clıent\userınterface\release\pythonnonplayer.obj
c:\users\murat\desktop\sıveps2-1-99-project\source\clıent\clıent\userınterface\release\pythonnetworkstreamofflıneshop.obj
c:\users\murat\desktop\sıveps2-1-99-project\source\clıent\clıent\userınterface\release\pythonıtemmodule.obj
c:\users\murat\desktop\sıveps2-1-99-project\source\clıent\clıent\userınterface\release\pythonguıld.sbr
c:\users\murat\desktop\sıveps2-1-99-project\source\clıent\clıent\userınterface\release\pythonmessenger.sbr
c:\users\murat\desktop\sıveps2-1-99-project\source\clıent\clıent\userınterface\release\pythonmınımap.sbr
c:\users\murat\desktop\sıveps2-1-99-project\source\clıent\clıent\userınterface\release\pythonmınımapmodule.sbr
c:\users\murat\desktop\sıveps2-1-99-project\source\clıent\clıent\userınterface\release\pythonsafebox.sbr
c:\users\murat\desktop\sıveps2-1-99-project\source\clıent\clıent\userınterface\release\pythonshop.sbr
c:\users\murat\desktop\sıveps2-1-99-project\source\clıent\clıent\userınterface\release\pythonswıtchbot.sbr
c:\users\murat\desktop\sıveps2-1-99-project\source\clıent\clıent\userınterface\release\pythontexttaıl.sbr
c:\users\murat\desktop\sıveps2-1-99-project\source\clıent\clıent\userınterface\release\pythontexttaılmodule.sbr
c:\users\murat\desktop\sıveps2-1-99-project\source\clıent\clıent\userınterface\release\pythonpackmodule.sbr
c:\users\murat\desktop\sıveps2-1-99-project\source\clıent\clıent\userınterface\release\processscanner.sbr
c:\users\murat\desktop\sıveps2-1-99-project\source\clıent\clıent\userınterface\release\pythonapplıcatıon.sbr
c:\users\murat\desktop\sıveps2-1-99-project\source\clıent\clıent\userınterface\release\pythonapplıcatıoncamera.sbr
c:\users\murat\desktop\sıveps2-1-99-project\source\clıent\clıent\userınterface\release\pythonapplıcatıoncursor.sbr
c:\users\murat\desktop\sıveps2-1-99-project\source\clıent\clıent\userınterface\release\pythonapplıcatıonevent.sbr
c:\users\murat\desktop\sıveps2-1-99-project\source\clıent\clıent\userınterface\release\pythonapplıcatıonlogo.sbr
c:\users\murat\desktop\sıveps2-1-99-project\source\clıent\clıent\userınterface\release\pythonapplıcatıonmodule.sbr
c:\users\murat\desktop\sıveps2-1-99-project\source\clıent\clıent\userınterface\release\pythonapplıcatıonprocedure.sbr
c:\users\murat\desktop\sıveps2-1-99-project\source\clıent\clıent\userınterface\release\pythonapplıcatıonwebpage.sbr
c:\users\murat\desktop\sıveps2-1-99-project\source\clıent\clıent\userınterface\release\pythonıme.sbr
c:\users\murat\desktop\sıveps2-1-99-project\source\clıent\clıent\userınterface\release\pythonıme.obj
c:\users\murat\desktop\sıveps2-1-99-project\source\clıent\clıent\userınterface\release\pythonapplıcatıonwebpage.obj
c:\users\murat\desktop\sıveps2-1-99-project\source\clıent\clıent\userınterface\release\pythonapplıcatıonprocedure.obj
c:\users\murat\desktop\sıveps2-1-99-project\source\clıent\clıent\userınterface\release\pythonapplıcatıonmodule.obj
c:\users\murat\desktop\sıveps2-1-99-project\source\clıent\clıent\userınterface\release\pythonapplıcatıonlogo.obj
c:\users\murat\desktop\sıveps2-1-99-project\source\clıent\clıent\userınterface\release\pythonapplıcatıonevent.obj
c:\users\murat\desktop\sıveps2-1-99-project\source\clıent\clıent\userınterface\release\pythonapplıcatıoncursor.obj
c:\users\murat\desktop\sıveps2-1-99-project\source\clıent\clıent\userınterface\release\pythonapplıcatıoncamera.obj
c:\users\murat\desktop\sıveps2-1-99-project\source\clıent\clıent\userınterface\release\pythonapplıcatıon.obj
c:\users\murat\desktop\sıveps2-1-99-project\source\clıent\clıent\userınterface\release\processscanner.obj
c:\users\murat\desktop\sıveps2-1-99-project\source\clıent\clıent\userınterface\release\pythonpackmodule.obj
c:\users\murat\desktop\sıveps2-1-99-project\source\clıent\clıent\userınterface\release\pythontexttaılmodule.obj
c:\users\murat\desktop\sıveps2-1-99-project\source\clıent\clıent\userınterface\release\pythontexttaıl.obj
c:\users\murat\desktop\sıveps2-1-99-project\source\clıent\clıent\userınterface\release\pythonswıtchbot.obj
c:\users\murat\desktop\sıveps2-1-99-project\source\clıent\clıent\userınterface\release\pythonshop.obj
c:\users\murat\desktop\sıveps2-1-99-project\source\clıent\clıent\userınterface\release\pythonsafebox.obj
c:\users\murat\desktop\sıveps2-1-99-project\source\clıent\clıent\userınterface\release\pythonmınımapmodule.obj
c:\users\murat\desktop\sıveps2-1-99-project\source\clıent\clıent\userınterface\release\pythonmınımap.obj
c:\users\murat\desktop\sıveps2-1-99-project\source\clıent\clıent\userınterface\release\pythonmessenger.obj
c:\users\murat\desktop\sıveps2-1-99-project\source\clıent\clıent\userınterface\release\pythonguıld.obj
c:\users\murat\desktop\sıveps2-1-99-project\source\clıent\clıent\userınterface\release\pythonımemodule.sbr
c:\users\murat\desktop\sıveps2-1-99-project\source\clıent\clıent\userınterface\release\pythonprofılermodule.sbr
c:\users\murat\desktop\sıveps2-1-99-project\source\clıent\clıent\userınterface\release\pythonsoundmanagermodule.sbr
c:\users\murat\desktop\sıveps2-1-99-project\source\clıent\clıent\userınterface\release\pythonsystem.sbr
c:\users\murat\desktop\sıveps2-1-99-project\source\clıent\clıent\userınterface\release\pythonsystemmodule.sbr
c:\users\murat\desktop\sıveps2-1-99-project\source\clıent\clıent\userınterface\release\guıldmarkdownloader.sbr
c:\users\murat\desktop\sıveps2-1-99-project\source\clıent\clıent\userınterface\release\guıldmarkuploader.sbr
c:\users\murat\desktop\sıveps2-1-99-project\source\clıent\clıent\userınterface\release\markımage.sbr
c:\users\murat\desktop\sıveps2-1-99-project\source\clıent\clıent\userınterface\release\markmanager.sbr
c:\users\murat\desktop\sıveps2-1-99-project\source\clıent\clıent\userınterface\release\locale.sbr
c:\users\murat\desktop\sıveps2-1-99-project\source\clıent\clıent\userınterface\release\accountconnector.sbr
c:\users\murat\desktop\sıveps2-1-99-project\source\clıent\clıent\userınterface\release\ınsultchecker.sbr
c:\users\murat\desktop\sıveps2-1-99-project\source\clıent\clıent\userınterface\release\networkactormanager.sbr
c:\users\murat\desktop\sıveps2-1-99-project\source\clıent\clıent\userınterface\release\processcrc.sbr
c:\users\murat\desktop\sıveps2-1-99-project\source\clıent\clıent\userınterface\release\pythonexceptıonsender.sbr
c:\users\murat\desktop\sıveps2-1-99-project\source\clıent\clıent\userınterface\release\pythonnetworkdatagram.sbr
c:\users\murat\desktop\sıveps2-1-99-project\source\clıent\clıent\userınterface\release\pythonnetworkdatagrammodule.sbr
c:\users\murat\desktop\sıveps2-1-99-project\source\clıent\clıent\userınterface\release\pythonnetworkstream.sbr
c:\users\murat\desktop\sıveps2-1-99-project\source\clıent\clıent\userınterface\release\pythonnetworkstreamcommand.sbr
c:\users\murat\desktop\sıveps2-1-99-project\source\clıent\clıent\userınterface\release\pythonnetworkstreamevent.sbr
c:\users\murat\desktop\sıveps2-1-99-project\source\clıent\clıent\userınterface\release\pythonnetworkstreamevent.obj
c:\users\murat\desktop\sıveps2-1-99-project\source\clıent\clıent\userınterface\release\pythonnetworkstreamcommand.obj
c:\users\murat\desktop\sıveps2-1-99-project\source\clıent\clıent\userınterface\release\pythonnetworkstream.obj
c:\users\murat\desktop\sıveps2-1-99-project\source\clıent\clıent\userınterface\release\pythonnetworkdatagrammodule.obj
c:\users\murat\desktop\sıveps2-1-99-project\source\clıent\clıent\userınterface\release\pythonnetworkdatagram.obj
c:\users\murat\desktop\sıveps2-1-99-project\source\clıent\clıent\userınterface\release\pythonexceptıonsender.obj
c:\users\murat\desktop\sıveps2-1-99-project\source\clıent\clıent\userınterface\release\processcrc.obj
c:\users\murat\desktop\sıveps2-1-99-project\source\clıent\clıent\userınterface\release\networkactormanager.obj
c:\users\murat\desktop\sıveps2-1-99-project\source\clıent\clıent\userınterface\release\ınsultchecker.obj
c:\users\murat\desktop\sıveps2-1-99-project\source\clıent\clıent\userınterface\release\accountconnector.obj
c:\users\murat\desktop\sıveps2-1-99-project\source\clıent\clıent\userınterface\release\locale.obj
c:\users\murat\desktop\sıveps2-1-99-project\source\clıent\clıent\userınterface\release\markmanager.obj
c:\users\murat\desktop\sıveps2-1-99-project\source\clıent\clıent\userınterface\release\markımage.obj
c:\users\murat\desktop\sıveps2-1-99-project\source\clıent\clıent\userınterface\release\guıldmarkuploader.obj
c:\users\murat\desktop\sıveps2-1-99-project\source\clıent\clıent\userınterface\release\guıldmarkdownloader.obj
c:\users\murat\desktop\sıveps2-1-99-project\source\clıent\clıent\userınterface\release\pythonsystemmodule.obj
c:\users\murat\desktop\sıveps2-1-99-project\source\clıent\clıent\userınterface\release\pythonsystem.obj
c:\users\murat\desktop\sıveps2-1-99-project\source\clıent\clıent\userınterface\release\pythonsoundmanagermodule.obj
c:\users\murat\desktop\sıveps2-1-99-project\source\clıent\clıent\userınterface\release\pythonprofılermodule.obj
c:\users\murat\desktop\sıveps2-1-99-project\source\clıent\clıent\userınterface\release\pythonımemodule.obj
c:\users\murat\desktop\sıveps2-1-99-project\source\clıent\clıent\userınterface\release\pythonnetworkstreammodule.sbr
c:\users\murat\desktop\sıveps2-1-99-project\source\clıent\clıent\userınterface\release\pythonnetworkstreamphasegame.sbr
c:\users\murat\desktop\sıveps2-1-99-project\source\clıent\clıent\userınterface\release\pythonnetworkstreamphasegameactor.sbr
c:\users\murat\desktop\sıveps2-1-99-project\source\clıent\clıent\userınterface\release\pythonnetworkstreamphasegameıtem.sbr
c:\users\murat\desktop\sıveps2-1-99-project\source\clıent\clıent\userınterface\release\pythonnetworkstreamphasehandshake.sbr
c:\users\murat\desktop\sıveps2-1-99-project\source\clıent\clıent\userınterface\release\pythonnetworkstreamphaseloadıng.sbr
c:\users\murat\desktop\sıveps2-1-99-project\source\clıent\clıent\userınterface\release\pythonnetworkstreamphaselogın.sbr
c:\users\murat\desktop\sıveps2-1-99-project\source\clıent\clıent\userınterface\release\pythonnetworkstreamphaseofflıne.sbr
c:\users\murat\desktop\sıveps2-1-99-project\source\clıent\clıent\userınterface\release\pythonnetworkstreamphaseselect.sbr
c:\users\murat\desktop\sıveps2-1-99-project\source\clıent\clıent\userınterface\release\serverstatechecker.sbr
c:\users\murat\desktop\sıveps2-1-99-project\source\clıent\clıent\userınterface\release\serverstatecheckermodule.sbr
c:\users\murat\desktop\sıveps2-1-99-project\source\clıent\clıent\userınterface\release\checklatestfıles.sbr
c:\users\murat\desktop\sıveps2-1-99-project\source\clıent\clıent\userınterface\release\hackshıeld.sbr
c:\users\murat\desktop\sıveps2-1-99-project\source\clıent\clıent\userınterface\release\nprotectgameguard.sbr
c:\users\murat\desktop\sıveps2-1-99-project\source\clıent\clıent\userınterface\release\wıselogıcxtrap.sbr
c:\users\murat\desktop\sıveps2-1-99-project\source\clıent\clıent\userınterface\release\gametype.sbr
c:\users\murat\desktop\sıveps2-1-99-project\source\clıent\clıent\userınterface\release\movıeman.sbr
c:\users\murat\desktop\sıveps2-1-99-project\source\clıent\clıent\userınterface\release\userınterface.sbr
c:\users\murat\desktop\sıveps2-1-99-project\source\clıent\clıent\userınterface\release\userınterface.obj
c:\users\murat\desktop\sıveps2-1-99-project\source\clıent\clıent\userınterface\release\movıeman.obj
c:\users\murat\desktop\sıveps2-1-99-project\source\clıent\clıent\userınterface\release\gametype.obj
c:\users\murat\desktop\sıveps2-1-99-project\source\clıent\clıent\userınterface\release\wıselogıcxtrap.obj
c:\users\murat\desktop\sıveps2-1-99-project\source\clıent\clıent\userınterface\release\nprotectgameguard.obj
c:\users\murat\desktop\sıveps2-1-99-project\source\clıent\clıent\userınterface\release\hackshıeld.obj
c:\users\murat\desktop\sıveps2-1-99-project\source\clıent\clıent\userınterface\release\checklatestfıles.obj
c:\users\murat\desktop\sıveps2-1-99-project\source\clıent\clıent\userınterface\release\serverstatecheckermodule.obj
c:\users\murat\desktop\sıveps2-1-99-project\source\clıent\clıent\userınterface\release\serverstatechecker.obj
c:\users\murat\desktop\sıveps2-1-99-project\source\clıent\clıent\userınterface\release\pythonnetworkstreamphaseselect.obj
c:\users\murat\desktop\sıveps2-1-99-project\source\clıent\clıent\userınterface\release\pythonnetworkstreamphaseofflıne.obj
c:\users\murat\desktop\sıveps2-1-99-project\source\clıent\clıent\userınterface\release\pythonnetworkstreamphaselogın.obj
c:\users\murat\desktop\sıveps2-1-99-project\source\clıent\clıent\userınterface\release\pythonnetworkstreamphaseloadıng.obj
c:\users\murat\desktop\sıveps2-1-99-project\source\clıent\clıent\userınterface\release\pythonnetworkstreamphasehandshake.obj
c:\users\murat\desktop\sıveps2-1-99-project\source\clıent\clıent\userınterface\release\pythonnetworkstreamphasegameıtem.obj
c:\users\murat\desktop\sıveps2-1-99-project\source\clıent\clıent\userınterface\release\pythonnetworkstreamphasegameactor.obj
c:\users\murat\desktop\sıveps2-1-99-project\source\clıent\clıent\userınterface\release\pythonnetworkstreamphasegame.obj
c:\users\murat\desktop\sıveps2-1-99-project\source\clıent\clıent\userınterface\release\pythonnetworkstreammodule.obj
c:\users\murat\desktop\sıveps2-1-99-project\source\clıent\clıent\bın\metın2clıent.exe
c:\users\murat\desktop\sıveps2-1-99-project\source\clıent\clıent\bın\metın2clıent.map
c:\users\murat\desktop\sıveps2-1-99-project\source\clıent\clıent\bın\metın2clıent.pdb
c:\users\murat\desktop\sıveps2-1-99-project\source\clıent\clıent\userınterface\release\userınterface.res
c:\users\murat\desktop\siveps2-1-99-project\source\client\client\userınterface\release\accountconnector.obj
c:\users\murat\desktop\siveps2-1-99-project\source\client\client\userınterface\release\affectflagcontainer.obj
c:\users\murat\desktop\siveps2-1-99-project\source\client\client\userınterface\release\cameraprocedure.obj
c:\users\murat\desktop\siveps2-1-99-project\source\client\client\userınterface\release\checklatestfiles.obj
c:\users\murat\desktop\siveps2-1-99-project\source\client\client\userınterface\release\gametype.obj
c:\users\murat\desktop\siveps2-1-99-project\source\client\client\userınterface\release\guildmarkdownloader.obj
c:\users\murat\desktop\siveps2-1-99-project\source\client\client\userınterface\release\guildmarkuploader.obj
c:\users\murat\desktop\siveps2-1-99-project\source\client\client\userınterface\release\hackshield.obj
c:\users\murat\desktop\siveps2-1-99-project\source\client\client\userınterface\release\ınstancebase.obj
c:\users\murat\desktop\siveps2-1-99-project\source\client\client\userınterface\release\ınstancebasebattle.obj
c:\users\murat\desktop\siveps2-1-99-project\source\client\client\userınterface\release\ınstancebaseeffect.obj
c:\users\murat\desktop\siveps2-1-99-project\source\client\client\userınterface\release\ınstancebaseevent.obj
c:\users\murat\desktop\siveps2-1-99-project\source\client\client\userınterface\release\ınstancebasemotion.obj
c:\users\murat\desktop\siveps2-1-99-project\source\client\client\userınterface\release\ınstancebasemovement.obj
c:\users\murat\desktop\siveps2-1-99-project\source\client\client\userınterface\release\ınstancebasetransform.obj
c:\users\murat\desktop\siveps2-1-99-project\source\client\client\userınterface\release\ınsultchecker.obj
c:\users\murat\desktop\siveps2-1-99-project\source\client\client\userınterface\release\locale.obj
c:\users\murat\desktop\siveps2-1-99-project\source\client\client\userınterface\release\markımage.obj
c:\users\murat\desktop\siveps2-1-99-project\source\client\client\userınterface\release\markmanager.obj
c:\users\murat\desktop\siveps2-1-99-project\source\client\client\userınterface\release\movieman.obj
c:\users\murat\desktop\siveps2-1-99-project\source\client\client\userınterface\release\networkactormanager.obj
c:\users\murat\desktop\siveps2-1-99-project\source\client\client\userınterface\release\nprotectgameguard.obj
c:\users\murat\desktop\siveps2-1-99-project\source\client\client\userınterface\release\processcrc.obj
c:\users\murat\desktop\siveps2-1-99-project\source\client\client\userınterface\release\processscanner.obj
c:\users\murat\desktop\siveps2-1-99-project\source\client\client\userınterface\release\pythonacce.obj
c:\users\murat\desktop\siveps2-1-99-project\source\client\client\userınterface\release\pythonapplication.obj
c:\users\murat\desktop\siveps2-1-99-project\source\client\client\userınterface\release\pythonapplicationcamera.obj
c:\users\murat\desktop\siveps2-1-99-project\source\client\client\userınterface\release\pythonapplicationcursor.obj
c:\users\murat\desktop\siveps2-1-99-project\source\client\client\userınterface\release\pythonapplicationevent.obj
c:\users\murat\desktop\siveps2-1-99-project\source\client\client\userınterface\release\pythonapplicationlogo.obj
c:\users\murat\desktop\siveps2-1-99-project\source\client\client\userınterface\release\pythonapplicationmodule.obj
c:\users\murat\desktop\siveps2-1-99-project\source\client\client\userınterface\release\pythonapplicationprocedure.obj
c:\users\murat\desktop\siveps2-1-99-project\source\client\client\userınterface\release\pythonapplicationwebpage.obj
c:\users\murat\desktop\siveps2-1-99-project\source\client\client\userınterface\release\pythonbackground.obj
c:\users\murat\desktop\siveps2-1-99-project\source\client\client\userınterface\release\pythonbackgroundmodule.obj
c:\users\murat\desktop\siveps2-1-99-project\source\client\client\userınterface\release\pythoncharactermanager.obj
c:\users\murat\desktop\siveps2-1-99-project\source\client\client\userınterface\release\pythoncharactermanagermodule.obj
c:\users\murat\desktop\siveps2-1-99-project\source\client\client\userınterface\release\pythoncharactermodule.obj
c:\users\murat\desktop\siveps2-1-99-project\source\client\client\userınterface\release\pythonchat.obj
c:\users\murat\desktop\siveps2-1-99-project\source\client\client\userınterface\release\pythonchatmodule.obj
c:\users\murat\desktop\siveps2-1-99-project\source\client\client\userınterface\release\pythoneffectmodule.obj
c:\users\murat\desktop\siveps2-1-99-project\source\client\client\userınterface\release\pythoneventmanager.obj
c:\users\murat\desktop\siveps2-1-99-project\source\client\client\userınterface\release\pythoneventmanagermoudle.obj
c:\users\murat\desktop\siveps2-1-99-project\source\client\client\userınterface\release\pythonexceptionsender.obj
c:\users\murat\desktop\siveps2-1-99-project\source\client\client\userınterface\release\pythonexchange.obj
c:\users\murat\desktop\siveps2-1-99-project\source\client\client\userınterface\release\pythonexchangemodule.obj
c:\users\murat\desktop\siveps2-1-99-project\source\client\client\userınterface\release\pythonflymodule.obj
c:\users\murat\desktop\siveps2-1-99-project\source\client\client\userınterface\release\pythongameeventmanagermodule.obj
c:\users\murat\desktop\siveps2-1-99-project\source\client\client\userınterface\release\pythonguild.obj
c:\users\murat\desktop\siveps2-1-99-project\source\client\client\userınterface\release\pythonıme.obj
c:\users\murat\desktop\siveps2-1-99-project\source\client\client\userınterface\release\pythonımemodule.obj
c:\users\murat\desktop\siveps2-1-99-project\source\client\client\userınterface\release\pythonıtem.obj
c:\users\murat\desktop\siveps2-1-99-project\source\client\client\userınterface\release\pythonıtemmodule.obj
c:\users\murat\desktop\siveps2-1-99-project\source\client\client\userınterface\release\pythonmessenger.obj
c:\users\murat\desktop\siveps2-1-99-project\source\client\client\userınterface\release\pythonminimap.obj
c:\users\murat\desktop\siveps2-1-99-project\source\client\client\userınterface\release\pythonminimapmodule.obj
c:\users\murat\desktop\siveps2-1-99-project\source\client\client\userınterface\release\pythonnetworkdatagram.obj
c:\users\murat\desktop\siveps2-1-99-project\source\client\client\userınterface\release\pythonnetworkdatagrammodule.obj
c:\users\murat\desktop\siveps2-1-99-project\source\client\client\userınterface\release\pythonnetworkstream.obj
c:\users\murat\desktop\siveps2-1-99-project\source\client\client\userınterface\release\pythonnetworkstreamcommand.obj
c:\users\murat\desktop\siveps2-1-99-project\source\client\client\userınterface\release\pythonnetworkstreamevent.obj
c:\users\murat\desktop\siveps2-1-99-project\source\client\client\userınterface\release\pythonnetworkstreammodule.obj
c:\users\murat\desktop\siveps2-1-99-project\source\client\client\userınterface\release\pythonnetworkstreamofflineshop.obj
c:\users\murat\desktop\siveps2-1-99-project\source\client\client\userınterface\release\pythonnetworkstreamphasegame.obj
c:\users\murat\desktop\siveps2-1-99-project\source\client\client\userınterface\release\pythonnetworkstreamphasegameactor.obj
c:\users\murat\desktop\siveps2-1-99-project\source\client\client\userınterface\release\pythonnetworkstreamphasegameıtem.obj
c:\users\murat\desktop\siveps2-1-99-project\source\client\client\userınterface\release\pythonnetworkstreamphasehandshake.obj
c:\users\murat\desktop\siveps2-1-99-project\source\client\client\userınterface\release\pythonnetworkstreamphaseloading.obj
c:\users\murat\desktop\siveps2-1-99-project\source\client\client\userınterface\release\pythonnetworkstreamphaselogin.obj
c:\users\murat\desktop\siveps2-1-99-project\source\client\client\userınterface\release\pythonnetworkstreamphaseoffline.obj
c:\users\murat\desktop\siveps2-1-99-project\source\client\client\userınterface\release\pythonnetworkstreamphaseselect.obj
c:\users\murat\desktop\siveps2-1-99-project\source\client\client\userınterface\release\pythonnonplayer.obj
c:\users\murat\desktop\siveps2-1-99-project\source\client\client\userınterface\release\pythonnonplayermodule.obj
c:\users\murat\desktop\siveps2-1-99-project\source\client\client\userınterface\release\pythonofflineshop.obj
c:\users\murat\desktop\siveps2-1-99-project\source\client\client\userınterface\release\pythonpackmodule.obj
c:\users\murat\desktop\siveps2-1-99-project\source\client\client\userınterface\release\pythonplayer.obj
c:\users\murat\desktop\siveps2-1-99-project\source\client\client\userınterface\release\pythonplayereventhandler.obj
c:\users\murat\desktop\siveps2-1-99-project\source\client\client\userınterface\release\pythonplayerınput.obj
c:\users\murat\desktop\siveps2-1-99-project\source\client\client\userınterface\release\pythonplayerınputkeyboard.obj
c:\users\murat\desktop\siveps2-1-99-project\source\client\client\userınterface\release\pythonplayerınputmouse.obj
c:\users\murat\desktop\siveps2-1-99-project\source\client\client\userınterface\release\pythonplayermodule.obj
c:\users\murat\desktop\siveps2-1-99-project\source\client\client\userınterface\release\pythonplayersettingsmodule.obj
c:\users\murat\desktop\siveps2-1-99-project\source\client\client\userınterface\release\pythonplayerskill.obj
c:\users\murat\desktop\siveps2-1-99-project\source\client\client\userınterface\release\pythonprofilermodule.obj
c:\users\murat\desktop\siveps2-1-99-project\source\client\client\userınterface\release\pythonquest.obj
c:\users\murat\desktop\siveps2-1-99-project\source\client\client\userınterface\release\pythonsafebox.obj
c:\users\murat\desktop\siveps2-1-99-project\source\client\client\userınterface\release\pythonshop.obj
c:\users\murat\desktop\siveps2-1-99-project\source\client\client\userınterface\release\pythonskill.obj
c:\users\murat\desktop\siveps2-1-99-project\source\client\client\userınterface\release\pythonsoundmanagermodule.obj
c:\users\murat\desktop\siveps2-1-99-project\source\client\client\userınterface\release\pythonswitchbot.obj
c:\users\murat\desktop\siveps2-1-99-project\source\client\client\userınterface\release\pythonsystem.obj
c:\users\murat\desktop\siveps2-1-99-project\source\client\client\userınterface\release\pythonsystemmodule.obj
c:\users\murat\desktop\siveps2-1-99-project\source\client\client\userınterface\release\pythontexttail.obj
c:\users\murat\desktop\siveps2-1-99-project\source\client\client\userınterface\release\pythontexttailmodule.obj
c:\users\murat\desktop\siveps2-1-99-project\source\client\client\userınterface\release\serverstatechecker.obj
c:\users\murat\desktop\siveps2-1-99-project\source\client\client\userınterface\release\serverstatecheckermodule.obj
c:\users\murat\desktop\siveps2-1-99-project\source\client\client\userınterface\release\stdafx.obj
c:\users\murat\desktop\siveps2-1-99-project\source\client\client\userınterface\release\userınterface.obj
c:\users\murat\desktop\siveps2-1-99-project\source\client\client\userınterface\release\wiselogicxtrap.obj
c:\users\murat\desktop\siveps2-1-99-project\source\client\client\userınterface\release\userınterface.res
c:\users\murat\desktop\siveps2-1-99-project\source\client\client\userınterface\release\userınterface.pch
c:\users\murat\desktop\siveps2-1-99-project\source\client\client\userınterface\release\metin2client.pdb
c:\users\murat\desktop\siveps2-1-99-project\source\client\client\userınterface\release\accountconnector.sbr
c:\users\murat\desktop\siveps2-1-99-project\source\client\client\userınterface\release\affectflagcontainer.sbr
c:\users\murat\desktop\siveps2-1-99-project\source\client\client\userınterface\release\cameraprocedure.sbr
c:\users\murat\desktop\siveps2-1-99-project\source\client\client\userınterface\release\checklatestfiles.sbr
c:\users\murat\desktop\siveps2-1-99-project\source\client\client\userınterface\release\gametype.sbr
c:\users\murat\desktop\siveps2-1-99-project\source\client\client\userınterface\release\guildmarkdownloader.sbr
c:\users\murat\desktop\siveps2-1-99-project\source\client\client\userınterface\release\guildmarkuploader.sbr
c:\users\murat\desktop\siveps2-1-99-project\source\client\client\userınterface\release\hackshield.sbr
c:\users\murat\desktop\siveps2-1-99-project\source\client\client\userınterface\release\ınstancebase.sbr
c:\users\murat\desktop\siveps2-1-99-project\source\client\client\userınterface\release\ınstancebasebattle.sbr
c:\users\murat\desktop\siveps2-1-99-project\source\client\client\userınterface\release\ınstancebaseeffect.sbr
c:\users\murat\desktop\siveps2-1-99-project\source\client\client\userınterface\release\ınstancebaseevent.sbr
c:\users\murat\desktop\siveps2-1-99-project\source\client\client\userınterface\release\ınstancebasemotion.sbr
c:\users\murat\desktop\siveps2-1-99-project\source\client\client\userınterface\release\ınstancebasemovement.sbr
c:\users\murat\desktop\siveps2-1-99-project\source\client\client\userınterface\release\ınstancebasetransform.sbr
c:\users\murat\desktop\siveps2-1-99-project\source\client\client\userınterface\release\ınsultchecker.sbr
c:\users\murat\desktop\siveps2-1-99-project\source\client\client\userınterface\release\locale.sbr
c:\users\murat\desktop\siveps2-1-99-project\source\client\client\userınterface\release\markımage.sbr
c:\users\murat\desktop\siveps2-1-99-project\source\client\client\userınterface\release\markmanager.sbr
c:\users\murat\desktop\siveps2-1-99-project\source\client\client\userınterface\release\movieman.sbr
c:\users\murat\desktop\siveps2-1-99-project\source\client\client\userınterface\release\networkactormanager.sbr
c:\users\murat\desktop\siveps2-1-99-project\source\client\client\userınterface\release\nprotectgameguard.sbr
c:\users\murat\desktop\siveps2-1-99-project\source\client\client\userınterface\release\processcrc.sbr
c:\users\murat\desktop\siveps2-1-99-project\source\client\client\userınterface\release\processscanner.sbr
c:\users\murat\desktop\siveps2-1-99-project\source\client\client\userınterface\release\pythonacce.sbr
c:\users\murat\desktop\siveps2-1-99-project\source\client\client\userınterface\release\pythonapplication.sbr
c:\users\murat\desktop\siveps2-1-99-project\source\client\client\userınterface\release\pythonapplicationcamera.sbr
c:\users\murat\desktop\siveps2-1-99-project\source\client\client\userınterface\release\pythonapplicationcursor.sbr
c:\users\murat\desktop\siveps2-1-99-project\source\client\client\userınterface\release\pythonapplicationevent.sbr
c:\users\murat\desktop\siveps2-1-99-project\source\client\client\userınterface\release\pythonapplicationlogo.sbr
c:\users\murat\desktop\siveps2-1-99-project\source\client\client\userınterface\release\pythonapplicationmodule.sbr
c:\users\murat\desktop\siveps2-1-99-project\source\client\client\userınterface\release\pythonapplicationprocedure.sbr
c:\users\murat\desktop\siveps2-1-99-project\source\client\client\userınterface\release\pythonapplicationwebpage.sbr
c:\users\murat\desktop\siveps2-1-99-project\source\client\client\userınterface\release\pythonbackground.sbr
c:\users\murat\desktop\siveps2-1-99-project\source\client\client\userınterface\release\pythonbackgroundmodule.sbr
c:\users\murat\desktop\siveps2-1-99-project\source\client\client\userınterface\release\pythoncharactermanager.sbr
c:\users\murat\desktop\siveps2-1-99-project\source\client\client\userınterface\release\pythoncharactermanagermodule.sbr
c:\users\murat\desktop\siveps2-1-99-project\source\client\client\userınterface\release\pythoncharactermodule.sbr
c:\users\murat\desktop\siveps2-1-99-project\source\client\client\userınterface\release\pythonchat.sbr
c:\users\murat\desktop\siveps2-1-99-project\source\client\client\userınterface\release\pythonchatmodule.sbr
c:\users\murat\desktop\siveps2-1-99-project\source\client\client\userınterface\release\pythoneffectmodule.sbr
c:\users\murat\desktop\siveps2-1-99-project\source\client\client\userınterface\release\pythoneventmanager.sbr
c:\users\murat\desktop\siveps2-1-99-project\source\client\client\userınterface\release\pythoneventmanagermoudle.sbr
c:\users\murat\desktop\siveps2-1-99-project\source\client\client\userınterface\release\pythonexceptionsender.sbr
c:\users\murat\desktop\siveps2-1-99-project\source\client\client\userınterface\release\pythonexchange.sbr
c:\users\murat\desktop\siveps2-1-99-project\source\client\client\userınterface\release\pythonexchangemodule.sbr
c:\users\murat\desktop\siveps2-1-99-project\source\client\client\userınterface\release\pythonflymodule.sbr
c:\users\murat\desktop\siveps2-1-99-project\source\client\client\userınterface\release\pythongameeventmanagermodule.sbr
c:\users\murat\desktop\siveps2-1-99-project\source\client\client\userınterface\release\pythonguild.sbr
c:\users\murat\desktop\siveps2-1-99-project\source\client\client\userınterface\release\pythonıme.sbr
c:\users\murat\desktop\siveps2-1-99-project\source\client\client\userınterface\release\pythonımemodule.sbr
c:\users\murat\desktop\siveps2-1-99-project\source\client\client\userınterface\release\pythonıtem.sbr
c:\users\murat\desktop\siveps2-1-99-project\source\client\client\userınterface\release\pythonıtemmodule.sbr
c:\users\murat\desktop\siveps2-1-99-project\source\client\client\userınterface\release\pythonmessenger.sbr
c:\users\murat\desktop\siveps2-1-99-project\source\client\client\userınterface\release\pythonminimap.sbr
c:\users\murat\desktop\siveps2-1-99-project\source\client\client\userınterface\release\pythonminimapmodule.sbr
c:\users\murat\desktop\siveps2-1-99-project\source\client\client\userınterface\release\pythonnetworkdatagram.sbr
c:\users\murat\desktop\siveps2-1-99-project\source\client\client\userınterface\release\pythonnetworkdatagrammodule.sbr
c:\users\murat\desktop\siveps2-1-99-project\source\client\client\userınterface\release\pythonnetworkstream.sbr
c:\users\murat\desktop\siveps2-1-99-project\source\client\client\userınterface\release\pythonnetworkstreamcommand.sbr
c:\users\murat\desktop\siveps2-1-99-project\source\client\client\userınterface\release\pythonnetworkstreamevent.sbr
c:\users\murat\desktop\siveps2-1-99-project\source\client\client\userınterface\release\pythonnetworkstreammodule.sbr
c:\users\murat\desktop\siveps2-1-99-project\source\client\client\userınterface\release\pythonnetworkstreamofflineshop.sbr
c:\users\murat\desktop\siveps2-1-99-project\source\client\client\userınterface\release\pythonnetworkstreamphasegame.sbr
c:\users\murat\desktop\siveps2-1-99-project\source\client\client\userınterface\release\pythonnetworkstreamphasegameactor.sbr
c:\users\murat\desktop\siveps2-1-99-project\source\client\client\userınterface\release\pythonnetworkstreamphasegameıtem.sbr
c:\users\murat\desktop\siveps2-1-99-project\source\client\client\userınterface\release\pythonnetworkstreamphasehandshake.sbr
c:\users\murat\desktop\siveps2-1-99-project\source\client\client\userınterface\release\pythonnetworkstreamphaseloading.sbr
c:\users\murat\desktop\siveps2-1-99-project\source\client\client\userınterface\release\pythonnetworkstreamphaselogin.sbr
c:\users\murat\desktop\siveps2-1-99-project\source\client\client\userınterface\release\pythonnetworkstreamphaseoffline.sbr
c:\users\murat\desktop\siveps2-1-99-project\source\client\client\userınterface\release\pythonnetworkstreamphaseselect.sbr
c:\users\murat\desktop\siveps2-1-99-project\source\client\client\userınterface\release\pythonnonplayer.sbr
c:\users\murat\desktop\siveps2-1-99-project\source\client\client\userınterface\release\pythonnonplayermodule.sbr
c:\users\murat\desktop\siveps2-1-99-project\source\client\client\userınterface\release\pythonofflineshop.sbr
c:\users\murat\desktop\siveps2-1-99-project\source\client\client\userınterface\release\pythonpackmodule.sbr
c:\users\murat\desktop\siveps2-1-99-project\source\client\client\userınterface\release\pythonplayer.sbr
c:\users\murat\desktop\siveps2-1-99-project\source\client\client\userınterface\release\pythonplayereventhandler.sbr
c:\users\murat\desktop\siveps2-1-99-project\source\client\client\userınterface\release\pythonplayerınput.sbr
c:\users\murat\desktop\siveps2-1-99-project\source\client\client\userınterface\release\pythonplayerınputkeyboard.sbr
c:\users\murat\desktop\siveps2-1-99-project\source\client\client\userınterface\release\pythonplayerınputmouse.sbr
c:\users\murat\desktop\siveps2-1-99-project\source\client\client\userınterface\release\pythonplayermodule.sbr
c:\users\murat\desktop\siveps2-1-99-project\source\client\client\userınterface\release\pythonplayersettingsmodule.sbr
c:\users\murat\desktop\siveps2-1-99-project\source\client\client\userınterface\release\pythonplayerskill.sbr
c:\users\murat\desktop\siveps2-1-99-project\source\client\client\userınterface\release\pythonprofilermodule.sbr
c:\users\murat\desktop\siveps2-1-99-project\source\client\client\userınterface\release\pythonquest.sbr
c:\users\murat\desktop\siveps2-1-99-project\source\client\client\userınterface\release\pythonsafebox.sbr
c:\users\murat\desktop\siveps2-1-99-project\source\client\client\userınterface\release\pythonshop.sbr
c:\users\murat\desktop\siveps2-1-99-project\source\client\client\userınterface\release\pythonskill.sbr
c:\users\murat\desktop\siveps2-1-99-project\source\client\client\userınterface\release\pythonsoundmanagermodule.sbr
c:\users\murat\desktop\siveps2-1-99-project\source\client\client\userınterface\release\pythonswitchbot.sbr
c:\users\murat\desktop\siveps2-1-99-project\source\client\client\userınterface\release\pythonsystem.sbr
c:\users\murat\desktop\siveps2-1-99-project\source\client\client\userınterface\release\pythonsystemmodule.sbr
c:\users\murat\desktop\siveps2-1-99-project\source\client\client\userınterface\release\pythontexttail.sbr
c:\users\murat\desktop\siveps2-1-99-project\source\client\client\userınterface\release\pythontexttailmodule.sbr
c:\users\murat\desktop\siveps2-1-99-project\source\client\client\userınterface\release\serverstatechecker.sbr
c:\users\murat\desktop\siveps2-1-99-project\source\client\client\userınterface\release\serverstatecheckermodule.sbr
c:\users\murat\desktop\siveps2-1-99-project\source\client\client\userınterface\release\stdafx.sbr
c:\users\murat\desktop\siveps2-1-99-project\source\client\client\userınterface\release\userınterface.sbr
c:\users\murat\desktop\siveps2-1-99-project\source\client\client\userınterface\release\wiselogicxtrap.sbr
c:\users\murat\desktop\siveps2-1-99-project\source\client\client\bin\metin2client.exe
c:\users\murat\desktop\siveps2-1-99-project\source\client\client\userınterface\release\userınterface.tlog\bscmake.command.1.tlog
c:\users\murat\desktop\siveps2-1-99-project\source\client\client\userınterface\release\userınterface.tlog\bscmake.read.1.tlog
c:\users\murat\desktop\siveps2-1-99-project\source\client\client\userınterface\release\userınterface.tlog\bscmake.write.1.tlog
c:\users\murat\desktop\siveps2-1-99-project\source\client\client\userınterface\release\userınterface.tlog\cl.command.1.tlog
c:\users\murat\desktop\siveps2-1-99-project\source\client\client\userınterface\release\userınterface.tlog\cl.read.1.tlog
c:\users\murat\desktop\siveps2-1-99-project\source\client\client\userınterface\release\userınterface.tlog\cl.write.1.tlog
c:\users\murat\desktop\siveps2-1-99-project\source\client\client\userınterface\release\userınterface.tlog\link.command.1.tlog
c:\users\murat\desktop\siveps2-1-99-project\source\client\client\userınterface\release\userınterface.tlog\link.read.1.tlog
c:\users\murat\desktop\siveps2-1-99-project\source\client\client\userınterface\release\userınterface.tlog\link.write.1.tlog
c:\users\murat\desktop\siveps2-1-99-project\source\client\client\userınterface\release\userınterface.tlog\rc.command.1.tlog
c:\users\murat\desktop\siveps2-1-99-project\source\client\client\userınterface\release\userınterface.tlog\rc.read.1.tlog
c:\users\murat\desktop\siveps2-1-99-project\source\client\client\userınterface\release\userınterface.tlog\rc.write.1.tlog
