c:\users\murat\desktop\sıveps2-1-99-project\source\clıent\clıent\eterpack\dıstrıbute\eterpack.pdb
c:\users\murat\desktop\sıveps2-1-99-project\source\clıent\clıent\eterpack\dıstrıbute\stdafx.obj
c:\users\murat\desktop\sıveps2-1-99-project\source\clıent\clıent\eterpack\dıstrıbute\stdafx.cod
c:\users\murat\desktop\sıveps2-1-99-project\source\clıent\clıent\eterpack\dıstrıbute\eterpackpolıcy_cshybrıdcrypt.obj
c:\users\murat\desktop\sıveps2-1-99-project\source\clıent\clıent\eterpack\dıstrıbute\eterpackpolıcy_cshybrıdcrypt.cod
c:\users\murat\desktop\sıveps2-1-99-project\source\clıent\clıent\eterpack\dıstrıbute\eterpackmanager.obj
c:\users\murat\desktop\sıveps2-1-99-project\source\clıent\clıent\eterpack\dıstrıbute\eterpackmanager.cod
c:\users\murat\desktop\sıveps2-1-99-project\source\clıent\clıent\eterpack\dıstrıbute\eterpackcursor.obj
c:\users\murat\desktop\sıveps2-1-99-project\source\clıent\clıent\eterpack\dıstrıbute\eterpackcursor.cod
c:\users\murat\desktop\sıveps2-1-99-project\source\clıent\clıent\eterpack\dıstrıbute\eterpack.obj
c:\users\murat\desktop\sıveps2-1-99-project\source\clıent\clıent\eterpack\dıstrıbute\eterpack.cod
c:\users\murat\desktop\sıveps2-1-99-project\source\clıent\clıent\eterpack\dıstrıbute\md5.obj
c:\users\murat\desktop\sıveps2-1-99-project\source\clıent\clıent\eterpack\dıstrıbute\md5.cod
c:\users\murat\desktop\sıveps2-1-99-project\source\clıent\clıent\eterpack\dıstrıbute\eterpack.lıb
c:\users\murat\desktop\siveps2-1-99-project\source\client\client\eterpack\distribute\eterpack.obj
c:\users\murat\desktop\siveps2-1-99-project\source\client\client\eterpack\distribute\eterpackcursor.obj
c:\users\murat\desktop\siveps2-1-99-project\source\client\client\eterpack\distribute\eterpackmanager.obj
c:\users\murat\desktop\siveps2-1-99-project\source\client\client\eterpack\distribute\eterpackpolicy_cshybridcrypt.obj
c:\users\murat\desktop\siveps2-1-99-project\source\client\client\eterpack\distribute\md5.obj
c:\users\murat\desktop\siveps2-1-99-project\source\client\client\eterpack\distribute\stdafx.obj
c:\users\murat\desktop\siveps2-1-99-project\source\client\client\eterpack\distribute\eterpack.pdb
c:\users\murat\desktop\siveps2-1-99-project\source\client\client\eterpack\distribute\eterpack.tlog\cl.command.1.tlog
c:\users\murat\desktop\siveps2-1-99-project\source\client\client\eterpack\distribute\eterpack.tlog\cl.read.1.tlog
c:\users\murat\desktop\siveps2-1-99-project\source\client\client\eterpack\distribute\eterpack.tlog\cl.write.1.tlog
c:\users\murat\desktop\siveps2-1-99-project\source\client\client\eterpack\distribute\eterpack.tlog\lib-link.read.1.tlog
c:\users\murat\desktop\siveps2-1-99-project\source\client\client\eterpack\distribute\eterpack.tlog\lib-link.write.1.tlog
c:\users\murat\desktop\siveps2-1-99-project\source\client\client\eterpack\distribute\eterpack.tlog\lib.command.1.tlog
