c:\users\murat\desktop\sıveps2-1-99-project\source\clıent\clıent\effectlıb\dıstrıbute\effectlıb.pch
c:\users\murat\desktop\sıveps2-1-99-project\source\clıent\clıent\effectlıb\dıstrıbute\effectlıb.pdb
c:\users\murat\desktop\sıveps2-1-99-project\source\clıent\clıent\effectlıb\dıstrıbute\stdafx.obj
c:\users\murat\desktop\sıveps2-1-99-project\source\clıent\clıent\effectlıb\dıstrıbute\stdafx.cod
c:\users\murat\desktop\sıveps2-1-99-project\source\clıent\clıent\effectlıb\dıstrıbute\type.obj
c:\users\murat\desktop\sıveps2-1-99-project\source\clıent\clıent\effectlıb\dıstrıbute\type.cod
c:\users\murat\desktop\sıveps2-1-99-project\source\clıent\clıent\effectlıb\dıstrıbute\sımplelıghtınstance.obj
c:\users\murat\desktop\sıveps2-1-99-project\source\clıent\clıent\effectlıb\dıstrıbute\sımplelıghtınstance.cod
c:\users\murat\desktop\sıveps2-1-99-project\source\clıent\clıent\effectlıb\dıstrıbute\sımplelıghtdata.obj
c:\users\murat\desktop\sıveps2-1-99-project\source\clıent\clıent\effectlıb\dıstrıbute\sımplelıghtdata.cod
c:\users\murat\desktop\sıveps2-1-99-project\source\clıent\clıent\effectlıb\dıstrıbute\partıclesystemınstance.obj
c:\users\murat\desktop\sıveps2-1-99-project\source\clıent\clıent\effectlıb\dıstrıbute\partıclesystemınstance.cod
c:\users\murat\desktop\sıveps2-1-99-project\source\clıent\clıent\effectlıb\dıstrıbute\partıclesystemdata.obj
c:\users\murat\desktop\sıveps2-1-99-project\source\clıent\clıent\effectlıb\dıstrıbute\partıclesystemdata.cod
c:\users\murat\desktop\sıveps2-1-99-project\source\clıent\clıent\effectlıb\dıstrıbute\partıcleproperty.obj
c:\users\murat\desktop\sıveps2-1-99-project\source\clıent\clıent\effectlıb\dıstrıbute\partıcleproperty.cod
c:\users\murat\desktop\sıveps2-1-99-project\source\clıent\clıent\effectlıb\dıstrıbute\partıcleınstance.obj
c:\users\murat\desktop\sıveps2-1-99-project\source\clıent\clıent\effectlıb\dıstrıbute\partıcleınstance.cod
c:\users\murat\desktop\sıveps2-1-99-project\source\clıent\clıent\effectlıb\dıstrıbute\framecontroller.obj
c:\users\murat\desktop\sıveps2-1-99-project\source\clıent\clıent\effectlıb\dıstrıbute\framecontroller.cod
c:\users\murat\desktop\sıveps2-1-99-project\source\clıent\clıent\effectlıb\dıstrıbute\emıtterproperty.obj
c:\users\murat\desktop\sıveps2-1-99-project\source\clıent\clıent\effectlıb\dıstrıbute\emıtterproperty.cod
c:\users\murat\desktop\sıveps2-1-99-project\source\clıent\clıent\effectlıb\dıstrıbute\effectupdatedecorator.obj
c:\users\murat\desktop\sıveps2-1-99-project\source\clıent\clıent\effectlıb\dıstrıbute\effectupdatedecorator.cod
c:\users\murat\desktop\sıveps2-1-99-project\source\clıent\clıent\effectlıb\dıstrıbute\effectmeshınstance.obj
c:\users\murat\desktop\sıveps2-1-99-project\source\clıent\clıent\effectlıb\dıstrıbute\effectmeshınstance.cod
c:\users\murat\desktop\sıveps2-1-99-project\source\clıent\clıent\effectlıb\dıstrıbute\effectmesh.obj
c:\users\murat\desktop\sıveps2-1-99-project\source\clıent\clıent\effectlıb\dıstrıbute\effectmesh.cod
c:\users\murat\desktop\sıveps2-1-99-project\source\clıent\clıent\effectlıb\dıstrıbute\effectmanager.obj
c:\users\murat\desktop\sıveps2-1-99-project\source\clıent\clıent\effectlıb\dıstrıbute\effectmanager.cod
c:\users\murat\desktop\sıveps2-1-99-project\source\clıent\clıent\effectlıb\dıstrıbute\effectınstance.obj
c:\users\murat\desktop\sıveps2-1-99-project\source\clıent\clıent\effectlıb\dıstrıbute\effectınstance.cod
c:\users\murat\desktop\sıveps2-1-99-project\source\clıent\clıent\effectlıb\dıstrıbute\effectelementbaseınstance.obj
c:\users\murat\desktop\sıveps2-1-99-project\source\clıent\clıent\effectlıb\dıstrıbute\effectelementbaseınstance.cod
c:\users\murat\desktop\sıveps2-1-99-project\source\clıent\clıent\effectlıb\dıstrıbute\effectelementbase.obj
c:\users\murat\desktop\sıveps2-1-99-project\source\clıent\clıent\effectlıb\dıstrıbute\effectelementbase.cod
c:\users\murat\desktop\sıveps2-1-99-project\source\clıent\clıent\effectlıb\dıstrıbute\effectdata.obj
c:\users\murat\desktop\sıveps2-1-99-project\source\clıent\clıent\effectlıb\dıstrıbute\effectdata.cod
c:\users\murat\desktop\sıveps2-1-99-project\source\clıent\clıent\effectlıb\dıstrıbute\effectlıb.lıb
c:\users\murat\desktop\siveps2-1-99-project\source\client\client\effectlib\distribute\effectdata.obj
c:\users\murat\desktop\siveps2-1-99-project\source\client\client\effectlib\distribute\effectelementbase.obj
c:\users\murat\desktop\siveps2-1-99-project\source\client\client\effectlib\distribute\effectelementbaseınstance.obj
c:\users\murat\desktop\siveps2-1-99-project\source\client\client\effectlib\distribute\effectınstance.obj
c:\users\murat\desktop\siveps2-1-99-project\source\client\client\effectlib\distribute\effectmanager.obj
c:\users\murat\desktop\siveps2-1-99-project\source\client\client\effectlib\distribute\effectmesh.obj
c:\users\murat\desktop\siveps2-1-99-project\source\client\client\effectlib\distribute\effectmeshınstance.obj
c:\users\murat\desktop\siveps2-1-99-project\source\client\client\effectlib\distribute\effectupdatedecorator.obj
c:\users\murat\desktop\siveps2-1-99-project\source\client\client\effectlib\distribute\emitterproperty.obj
c:\users\murat\desktop\siveps2-1-99-project\source\client\client\effectlib\distribute\framecontroller.obj
c:\users\murat\desktop\siveps2-1-99-project\source\client\client\effectlib\distribute\particleınstance.obj
c:\users\murat\desktop\siveps2-1-99-project\source\client\client\effectlib\distribute\particleproperty.obj
c:\users\murat\desktop\siveps2-1-99-project\source\client\client\effectlib\distribute\particlesystemdata.obj
c:\users\murat\desktop\siveps2-1-99-project\source\client\client\effectlib\distribute\particlesystemınstance.obj
c:\users\murat\desktop\siveps2-1-99-project\source\client\client\effectlib\distribute\simplelightdata.obj
c:\users\murat\desktop\siveps2-1-99-project\source\client\client\effectlib\distribute\simplelightınstance.obj
c:\users\murat\desktop\siveps2-1-99-project\source\client\client\effectlib\distribute\stdafx.obj
c:\users\murat\desktop\siveps2-1-99-project\source\client\client\effectlib\distribute\type.obj
c:\users\murat\desktop\siveps2-1-99-project\source\client\client\effectlib\distribute\effectlib.pch
c:\users\murat\desktop\siveps2-1-99-project\source\client\client\effectlib\distribute\effectlib.pdb
c:\users\murat\desktop\siveps2-1-99-project\source\client\client\effectlib\distribute\effectlib.tlog\cl.command.1.tlog
c:\users\murat\desktop\siveps2-1-99-project\source\client\client\effectlib\distribute\effectlib.tlog\cl.read.1.tlog
c:\users\murat\desktop\siveps2-1-99-project\source\client\client\effectlib\distribute\effectlib.tlog\cl.write.1.tlog
c:\users\murat\desktop\siveps2-1-99-project\source\client\client\effectlib\distribute\effectlib.tlog\lib-link.read.1.tlog
c:\users\murat\desktop\siveps2-1-99-project\source\client\client\effectlib\distribute\effectlib.tlog\lib-link.write.1.tlog
c:\users\murat\desktop\siveps2-1-99-project\source\client\client\effectlib\distribute\effectlib.tlog\lib.command.1.tlog
