c:\users\murat\desktop\sıveps2-1-99-project\source\clıent\clıent\eterlocale\dıstrıbute\eterlocale.pch
c:\users\murat\desktop\sıveps2-1-99-project\source\clıent\clıent\eterlocale\dıstrıbute\eterlocale.pdb
c:\users\murat\desktop\sıveps2-1-99-project\source\clıent\clıent\eterlocale\dıstrıbute\stdafx.obj
c:\users\murat\desktop\sıveps2-1-99-project\source\clıent\clıent\eterlocale\dıstrıbute\stdafx.cod
c:\users\murat\desktop\sıveps2-1-99-project\source\clıent\clıent\eterlocale\dıstrıbute\strıngcodec_vıetnamese.obj
c:\users\murat\desktop\sıveps2-1-99-project\source\clıent\clıent\eterlocale\dıstrıbute\strıngcodec_vıetnamese.cod
c:\users\murat\desktop\sıveps2-1-99-project\source\clıent\clıent\eterlocale\dıstrıbute\strıngcodec.obj
c:\users\murat\desktop\sıveps2-1-99-project\source\clıent\clıent\eterlocale\dıstrıbute\strıngcodec.cod
c:\users\murat\desktop\sıveps2-1-99-project\source\clıent\clıent\eterlocale\dıstrıbute\japanese.obj
c:\users\murat\desktop\sıveps2-1-99-project\source\clıent\clıent\eterlocale\dıstrıbute\japanese.cod
c:\users\murat\desktop\sıveps2-1-99-project\source\clıent\clıent\eterlocale\dıstrıbute\arabıc.obj
c:\users\murat\desktop\sıveps2-1-99-project\source\clıent\clıent\eterlocale\dıstrıbute\arabıc.cod
c:\users\murat\desktop\sıveps2-1-99-project\source\clıent\clıent\eterlocale\dıstrıbute\eterlocale.lıb
c:\users\murat\desktop\siveps2-1-99-project\source\client\client\eterlocale\distribute\arabic.obj
c:\users\murat\desktop\siveps2-1-99-project\source\client\client\eterlocale\distribute\japanese.obj
c:\users\murat\desktop\siveps2-1-99-project\source\client\client\eterlocale\distribute\stdafx.obj
c:\users\murat\desktop\siveps2-1-99-project\source\client\client\eterlocale\distribute\stringcodec.obj
c:\users\murat\desktop\siveps2-1-99-project\source\client\client\eterlocale\distribute\stringcodec_vietnamese.obj
c:\users\murat\desktop\siveps2-1-99-project\source\client\client\eterlocale\distribute\eterlocale.pch
c:\users\murat\desktop\siveps2-1-99-project\source\client\client\eterlocale\distribute\eterlocale.pdb
c:\users\murat\desktop\siveps2-1-99-project\source\client\client\eterlocale\distribute\eterlocale.tlog\cl.command.1.tlog
c:\users\murat\desktop\siveps2-1-99-project\source\client\client\eterlocale\distribute\eterlocale.tlog\cl.read.1.tlog
c:\users\murat\desktop\siveps2-1-99-project\source\client\client\eterlocale\distribute\eterlocale.tlog\cl.write.1.tlog
c:\users\murat\desktop\siveps2-1-99-project\source\client\client\eterlocale\distribute\eterlocale.tlog\lib-link.read.1.tlog
c:\users\murat\desktop\siveps2-1-99-project\source\client\client\eterlocale\distribute\eterlocale.tlog\lib-link.write.1.tlog
c:\users\murat\desktop\siveps2-1-99-project\source\client\client\eterlocale\distribute\eterlocale.tlog\lib.command.1.tlog
