c:\users\murat\desktop\sıveps2-1-99-project\source\clıent\clıent\spherelıb\dıstrıbute\spherelıb.pch
c:\users\murat\desktop\sıveps2-1-99-project\source\clıent\clıent\spherelıb\dıstrıbute\spherelıb.pdb
c:\users\murat\desktop\sıveps2-1-99-project\source\clıent\clıent\spherelıb\dıstrıbute\stdafx.obj
c:\users\murat\desktop\sıveps2-1-99-project\source\clıent\clıent\spherelıb\dıstrıbute\stdafx.cod
c:\users\murat\desktop\sıveps2-1-99-project\source\clıent\clıent\spherelıb\dıstrıbute\spherepack.obj
c:\users\murat\desktop\sıveps2-1-99-project\source\clıent\clıent\spherelıb\dıstrıbute\spherepack.cod
c:\users\murat\desktop\sıveps2-1-99-project\source\clıent\clıent\spherelıb\dıstrıbute\sphere.obj
c:\users\murat\desktop\sıveps2-1-99-project\source\clıent\clıent\spherelıb\dıstrıbute\sphere.cod
c:\users\murat\desktop\sıveps2-1-99-project\source\clıent\clıent\spherelıb\dıstrıbute\frustum.obj
c:\users\murat\desktop\sıveps2-1-99-project\source\clıent\clıent\spherelıb\dıstrıbute\frustum.cod
c:\users\murat\desktop\sıveps2-1-99-project\source\clıent\clıent\spherelıb\dıstrıbute\spherelıb.lıb
c:\users\murat\desktop\siveps2-1-99-project\source\client\client\spherelib\distribute\frustum.obj
c:\users\murat\desktop\siveps2-1-99-project\source\client\client\spherelib\distribute\sphere.obj
c:\users\murat\desktop\siveps2-1-99-project\source\client\client\spherelib\distribute\spherepack.obj
c:\users\murat\desktop\siveps2-1-99-project\source\client\client\spherelib\distribute\stdafx.obj
c:\users\murat\desktop\siveps2-1-99-project\source\client\client\spherelib\distribute\spherelib.pch
c:\users\murat\desktop\siveps2-1-99-project\source\client\client\spherelib\distribute\spherelib.pdb
c:\users\murat\desktop\siveps2-1-99-project\source\client\client\spherelib\distribute\spherelib.tlog\cl.command.1.tlog
c:\users\murat\desktop\siveps2-1-99-project\source\client\client\spherelib\distribute\spherelib.tlog\cl.read.1.tlog
c:\users\murat\desktop\siveps2-1-99-project\source\client\client\spherelib\distribute\spherelib.tlog\cl.write.1.tlog
c:\users\murat\desktop\siveps2-1-99-project\source\client\client\spherelib\distribute\spherelib.tlog\lib-link.read.1.tlog
c:\users\murat\desktop\siveps2-1-99-project\source\client\client\spherelib\distribute\spherelib.tlog\lib-link.write.1.tlog
c:\users\murat\desktop\siveps2-1-99-project\source\client\client\spherelib\distribute\spherelib.tlog\lib.command.1.tlog
